#
# A fatal error has been detected by the Java Runtime Environment:
#
#  SIGSEGV (0xb) at pc=0x000000011af8d381, pid=40033, tid=1295
#
# JRE version: Java(TM) SE Runtime Environment (8.0_25-b17) (build 1.8.0_25-b17)
# Java VM: Java HotSpot(TM) 64-Bit Server VM (25.25-b02 mixed mode bsd-amd64 compressed oops)
# Problematic frame:
# C  [libglass.dylib+0x16381]  GlassScreenDidChangeScreenParameters+0x21
#
# Failed to write core dump. Core dumps have been disabled. To enable core dumping, try "ulimit -c unlimited" before starting Java again
#
# If you would like to submit a bug report, please visit:
#   http://bugreport.sun.com/bugreport/crash.jsp
#

---------------  T H R E A D  ---------------

Current thread is native thread

siginfo: si_signo: 11 (SIGSEGV), si_code: 1 (SEGV_MAPERR), si_addr: 0x0000000000000000

Registers:
RAX=0x000000011afbfd48, RBX=0x0000000000000000, RCX=0x0000000000000103, RDX=0x0000010000000100
RSP=0x00007fff5e7ce5b0, RBP=0x00007fff5e7ce5c0, RSI=0x00007f8753c1b660, RDI=0x0000000000000000
R8 =0x0000000000000040, R9 =0x00007fff748b11e0, R10=0xffffffffffffffff, R11=0x0000000000000246
R12=0x00007f8753c6fc40, R13=0x00007f8753d27c80, R14=0x00007f8753d27cc0, R15=0x0000000000000000
RIP=0x000000011af8d381, EFLAGS=0x0000000000010246, ERR=0x0000000000000004
  TRAPNO=0x000000000000000e

Top of Stack: (sp=0x00007fff5e7ce5b0)
0x00007fff5e7ce5b0:   00007fff5e7ce608 00007f8753d27cc0
0x00007fff5e7ce5c0:   00007fff5e7ce5d0 00007fff9398dc9c
0x00007fff5e7ce5d0:   00007fff5e7ce5f0 00007fff9398dc2f
0x00007fff5e7ce5e0:   0000000000000000 0000000000000000
0x00007fff5e7ce5f0:   00007fff5e7ce660 00007fff9398dba7
0x00007fff5e7ce600:   00007fff74d4c110 00007fff747c50a0
0x00007fff5e7ce610:   0000000042000000 00007fff9398dbf0
0x00007fff5e7ce620:   00007fff74bd76f0 00007f8753d27c80
0x00007fff5e7ce630:   00007f8753c6fc40 00007fff5e7cee08
0x00007fff5e7ce640:   00007fff74d046d0 00007fff5e7cee08
0x00007fff5e7ce650:   00007f8753d27c80 00007fff93d4ca02
0x00007fff5e7ce660:   00007fff5e7ce6a0 00007fff9398d912
0x00007fff5e7ce670:   00007fff5e7cec80 0000000000000000
0x00007fff5e7ce680:   00007fff74d046d0 00007fff5e7cee08
0x00007fff5e7ce690:   00007fff8866ed40 00007fff93d4ca02
0x00007fff5e7ce6a0:   00007fff5e7cedb0 00007fff9394a6d2
0x00007fff5e7ce6b0:   00007f8753c03b00 0000000000000002
0x00007fff5e7ce6c0:   0000000000000000 00007f8753e107e0
0x00007fff5e7ce6d0:   00007f8754009048 00007f8753c72ee0
0x00007fff5e7ce6e0:   0000000000000000 00007f8753d27d20
0x00007fff5e7ce6f0:   0000000000000000 0000000000000000
0x00007fff5e7ce700:   00007fff74c14b50 00007fff5e7cec80
0x00007fff5e7ce710:   0000000000000001 0000000000000100
0x00007fff5e7ce720:   0000000101447000 00007fff5e7ceb80
0x00007fff5e7ce730:   0000000000000000 0000000000000100
0x00007fff5e7ce740:   0000000000000400 00007fff74d046d0
0x00007fff5e7ce750:   0000000000000000 00007fff74bd8490
0x00007fff5e7ce760:   00007fff74d046d0 0000000000000000
0x00007fff5e7ce770:   00007fff74bd8490 0000000000000410
0x00007fff5e7ce780:   00007fff5e7ce7a0 00007fff8cc981b3
0x00007fff5e7ce790:   0000000000679501 00007fff724012c0
0x00007fff5e7ce7a0:   0000000000679500 0000000088670f3b 

Instructions: (pc=0x000000011af8d381)
0x000000011af8d361:   48 89 e5 41 56 53 48 8d 05 d2 2a 03 00 48 83 38
0x000000011af8d371:   00 48 89 fb 75 72 48 8d 05 ca 29 03 00 48 8b 30
0x000000011af8d381:   48 8b 03 48 8d 15 7c 99 01 00 48 8d 0d 5e 6f 01
0x000000011af8d391:   00 48 89 df ff 90 88 03 00 00 48 8d 0d 9e 2a 03 

Register to memory mapping:

RAX=0x000000011afbfd48: jScreenClass+0 in /Library/Java/JavaVirtualMachines/jdk1.8.0_25.jdk/Contents/Home/jre/lib/libglass.dylib at 0x000000011af77000
RBX=0x0000000000000000 is an unknown value
RCX=0x0000000000000103 is an unknown value
RDX=0x0000010000000100 is an unknown value
RSP=0x00007fff5e7ce5b0 is an unknown value
RBP=0x00007fff5e7ce5c0 is an unknown value
RSI=0x00007f8753c1b660 is a global jni handle
RDI=0x0000000000000000 is an unknown value
R8 =0x0000000000000040 is an unknown value
R9 =0x00007fff748b11e0: __sFX+0x1c0 in /usr/lib/system/libsystem_c.dylib at 0x00007fff91a7c000
R10=0xffffffffffffffff is an unknown value
R11=0x0000000000000246 is an unknown value
R12=0x00007f8753c6fc40 is an unknown value
R13=0x00007f8753d27c80 is an unknown value
R14=0x00007f8753d27cc0 is an unknown value
R15=0x0000000000000000 is an unknown value


Stack: [0x00007fff5dfd3000,0x00007fff5e7d3000],  sp=0x00007fff5e7ce5b0,  free space=8173k
Native frames: (J=compiled Java code, j=interpreted, Vv=VM code, C=native code)
C  [libglass.dylib+0x16381]  GlassScreenDidChangeScreenParameters+0x21
C  [CoreFoundation+0xa0c9c]  __CFNOTIFICATIONCENTER_IS_CALLING_OUT_TO_AN_OBSERVER__+0xc
C  [CoreFoundation+0xa0c2f]  ___CFXRegistrationPost_block_invoke+0x3f
C  [CoreFoundation+0xa0ba7]  _CFXRegistrationPost+0x197
C  [CoreFoundation+0xa0912]  ___CFXNotificationPost_block_invoke+0x32
C  [CoreFoundation+0x5d6d2]  -[_CFXNotificationRegistrar find:object:observer:enumerator:]+0x782
C  [CoreFoundation+0x5c925]  _CFXNotificationPost+0x2b5
C  [Foundation+0x70fa]  -[NSNotificationCenter postNotificationName:object:userInfo:]+0x42
C  [AppKit+0x41da66]  -[NSApplication _reactToScreenInvalidationImmediately:]+0x17f
C  [AppKit+0x41d8b7]  __44-[NSApplication _reactToScreenInvalidation:]_block_invoke+0x3b
C  [CoreFoundation+0xaa4dc]  __CFRUNLOOP_IS_CALLING_OUT_TO_A_BLOCK__+0xc
C  [CoreFoundation+0x89df5]  __CFRunLoopDoBlocks+0x155
C  [CoreFoundation+0x89b5b]  __CFRunLoopRun+0x92b
C  [CoreFoundation+0x88fc8]  CFRunLoopRunSpecific+0x128
C  [java+0x56cc]  CreateExecutionEnvironment+0x367
C  [java+0x165c]  JLI_Launch+0x7a0
C  [java+0x768a]  main+0x65
C  [java+0xeb4]  start+0x34


---------------  P R O C E S S  ---------------

VM state:not at safepoint (normal execution)

VM Mutex/Monitor currently owned by a thread: None

Heap:
 PSYoungGen      total 38400K, used 6607K [0x0000000795580000, 0x0000000798000000, 0x00000007c0000000)
  eden space 33280K, 4% used [0x0000000795580000,0x00000007956fbe78,0x0000000797600000)
  from space 5120K, 99% used [0x0000000797b00000,0x0000000797ff8050,0x0000000798000000)
  to   space 5120K, 0% used [0x0000000797600000,0x0000000797600000,0x0000000797b00000)
 ParOldGen       total 87552K, used 8119K [0x0000000740000000, 0x0000000745580000, 0x0000000795580000)
  object space 87552K, 9% used [0x0000000740000000,0x00000007407edeb0,0x0000000745580000)
 Metaspace       used 19310K, capacity 21014K, committed 21248K, reserved 1067008K
  class space    used 2949K, capacity 3282K, committed 3328K, reserved 1048576K

Card table byte_map: [0x00000001121f4000,0x00000001125f5000] byte_map_base: 0x000000010e7f4000

Marking Bits: (ParMarkBitMap*) 0x0000000101f45390
 Begin Bits: [0x00000001128a0000, 0x00000001148a0000)
 End Bits:   [0x00000001148a0000, 0x00000001168a0000)

Polling page: 0x00000001025d6000

CodeCache: size=245760Kb used=9838Kb max_used=9866Kb free=235921Kb
 bounds [0x0000000102e34000, 0x00000001037e4000, 0x0000000111e34000]
 total_blobs=3840 nmethods=3179 adapters=574
 compilation: enabled

Compilation events (10 events):
Event: 6.899 Thread 0x00007f875503c800 nmethod 3146 0x00000001037c1210 code [0x00000001037c1720, 0x00000001037c38b0]
Event: 6.899 Thread 0x00007f875503c800 3176       4       java.util.ArrayList::rangeCheck (22 bytes)
Event: 6.899 Thread 0x00007f875503c800 nmethod 3176 0x00000001037c5cd0 code [0x00000001037c5e20, 0x00000001037c5e98]
Event: 6.899 Thread 0x00007f875503c800 3155       4       com.sun.javafx.geom.transform.AffineBase::transform3DBounds (653 bytes)
Event: 6.909 Thread 0x00007f875503c800 nmethod 3155 0x00000001037c8310 code [0x00000001037c8540, 0x00000001037c8fc8]
Event: 6.909 Thread 0x00007f875503c800 3145       4       com.sun.prism.impl.BaseContext::setRenderTarget (47 bytes)
Event: 6.911 Thread 0x00007f875503c800 nmethod 3145 0x00000001037c6a90 code [0x00000001037c6be0, 0x00000001037c6cc8]
Event: 6.988 Thread 0x00007f8755028000 nmethod 2881 0x00000001037d1350 code [0x00000001037d1ac0, 0x00000001037d8388]
Event: 9.346 Thread 0x00007f875503c800 3180       4       java.util.TaskQueue::rescheduleMin (16 bytes)
Event: 9.350 Thread 0x00007f875503c800 nmethod 3180 0x00000001037c62d0 code [0x00000001037c6440, 0x00000001037c6778]

GC Heap History (4 events):
Event: 1.822 GC heap before
{Heap before GC invocations=1 (full 0):
 PSYoungGen      total 38400K, used 33280K [0x0000000795580000, 0x0000000798000000, 0x00000007c0000000)
  eden space 33280K, 100% used [0x0000000795580000,0x0000000797600000,0x0000000797600000)
  from space 5120K, 0% used [0x0000000797b00000,0x0000000797b00000,0x0000000798000000)
  to   space 5120K, 0% used [0x0000000797600000,0x0000000797600000,0x0000000797b00000)
 ParOldGen       total 87552K, used 0K [0x0000000740000000, 0x0000000745580000, 0x0000000795580000)
  object space 87552K, 0% used [0x0000000740000000,0x0000000740000000,0x0000000745580000)
 Metaspace       used 13415K, capacity 14044K, committed 14336K, reserved 1060864K
  class space    used 2037K, capacity 2221K, committed 2304K, reserved 1048576K
Event: 1.831 GC heap after
Heap after GC invocations=1 (full 0):
 PSYoungGen      total 38400K, used 5090K [0x0000000795580000, 0x0000000798000000, 0x00000007c0000000)
  eden space 33280K, 0% used [0x0000000795580000,0x0000000795580000,0x0000000797600000)
  from space 5120K, 99% used [0x0000000797600000,0x0000000797af8988,0x0000000797b00000)
  to   space 5120K, 0% used [0x0000000797b00000,0x0000000797b00000,0x0000000798000000)
 ParOldGen       total 87552K, used 40K [0x0000000740000000, 0x0000000745580000, 0x0000000795580000)
  object space 87552K, 0% used [0x0000000740000000,0x000000074000a278,0x0000000745580000)
 Metaspace       used 13415K, capacity 14044K, committed 14336K, reserved 1060864K
  class space    used 2037K, capacity 2221K, committed 2304K, reserved 1048576K
}
Event: 6.147 GC heap before
{Heap before GC invocations=2 (full 0):
 PSYoungGen      total 38400K, used 38370K [0x0000000795580000, 0x0000000798000000, 0x00000007c0000000)
  eden space 33280K, 100% used [0x0000000795580000,0x0000000797600000,0x0000000797600000)
  from space 5120K, 99% used [0x0000000797600000,0x0000000797af8988,0x0000000797b00000)
  to   space 5120K, 0% used [0x0000000797b00000,0x0000000797b00000,0x0000000798000000)
 ParOldGen       total 87552K, used 40K [0x0000000740000000, 0x0000000745580000, 0x0000000795580000)
  object space 87552K, 0% used [0x0000000740000000,0x000000074000a278,0x0000000745580000)
 Metaspace       used 19246K, capacity 20920K, committed 20992K, reserved 1067008K
  class space    used 2943K, capacity 3275K, committed 3328K, reserved 1048576K
Event: 6.180 GC heap after
Heap after GC invocations=2 (full 0):
 PSYoungGen      total 38400K, used 5088K [0x0000000795580000, 0x0000000798000000, 0x00000007c0000000)
  eden space 33280K, 0% used [0x0000000795580000,0x0000000795580000,0x0000000797600000)
  from space 5120K, 99% used [0x0000000797b00000,0x0000000797ff8050,0x0000000798000000)
  to   space 5120K, 0% used [0x0000000797600000,0x0000000797600000,0x0000000797b00000)
 ParOldGen       total 87552K, used 8119K [0x0000000740000000, 0x0000000745580000, 0x0000000795580000)
  object space 87552K, 9% used [0x0000000740000000,0x00000007407edeb0,0x0000000745580000)
 Metaspace       used 19246K, capacity 20920K, committed 20992K, reserved 1067008K
  class space    used 2943K, capacity 3275K, committed 3328K, reserved 1048576K
}

Deoptimization events (10 events):
Event: 1.994 Thread 0x00007f8755230000 Uncommon trap: reason=bimorphic action=maybe_recompile pc=0x00000001031e2d64 method=java.util.Collections$UnmodifiableList.get(I)Ljava/lang/Object; @ 5
Event: 1.995 Thread 0x00007f8755230000 Uncommon trap: reason=class_check action=maybe_recompile pc=0x0000000102f71700 method=java.lang.String.equals(Ljava/lang/Object;)Z @ 8
Event: 2.072 Thread 0x00007f8755230000 Uncommon trap: reason=unreached action=reinterpret pc=0x00000001031dbb84 method=javafx.beans.property.ObjectPropertyBase.get()Ljava/lang/Object; @ 9
Event: 2.913 Thread 0x00007f8755230000 Uncommon trap: reason=bimorphic action=maybe_recompile pc=0x00000001033f5ff0 method=javafx.scene.Node.updateLocalToParentTransform()V @ 11
Event: 3.316 Thread 0x00007f8755230000 Uncommon trap: reason=bimorphic action=maybe_recompile pc=0x00000001033f5ff0 method=javafx.scene.Node.updateLocalToParentTransform()V @ 11
Event: 3.401 Thread 0x00007f8755230000 Uncommon trap: reason=bimorphic action=maybe_recompile pc=0x00000001033f5ff0 method=javafx.scene.Node.updateLocalToParentTransform()V @ 11
Event: 3.416 Thread 0x00007f8755230000 Uncommon trap: reason=bimorphic action=maybe_recompile pc=0x00000001033f5ff0 method=javafx.scene.Node.updateLocalToParentTransform()V @ 11
Event: 4.798 Thread 0x00007f8755230000 Uncommon trap: reason=unreached action=reinterpret pc=0x000000010357a030 method=javafx.scene.Node$MiscProperties.invalidateBoundsInLocal()V @ 4
Event: 4.798 Thread 0x00007f8755230000 Uncommon trap: reason=unreached action=reinterpret pc=0x00000001035496c8 method=javafx.scene.Node$MiscProperties.invalidateBoundsInLocal()V @ 4
Event: 5.538 Thread 0x00007f8755150800 Uncommon trap: reason=unreached action=reinterpret pc=0x00000001036a88a8 method=com.sun.prism.impl.BaseGraphics.validateTransformAndPaint()V @ 20

Internal exceptions (10 events):
Event: 2.570 Thread 0x00007f8755230000 Exception <a 'java/security/PrivilegedActionException'> (0x0000000796832b98) thrown at [/HUDSON3/workspace/8-2-build-macosx-x86_64/jdk8u25/1514/hotspot/src/share/vm/prims/jvm.cpp, line 1312]
Event: 2.571 Thread 0x00007f8755230000 Exception <a 'java/security/PrivilegedActionException'> (0x000000079683a628) thrown at [/HUDSON3/workspace/8-2-build-macosx-x86_64/jdk8u25/1514/hotspot/src/share/vm/prims/jvm.cpp, line 1312]
Event: 2.571 Thread 0x00007f8755230000 Exception <a 'java/security/PrivilegedActionException'> (0x00000007968420b0) thrown at [/HUDSON3/workspace/8-2-build-macosx-x86_64/jdk8u25/1514/hotspot/src/share/vm/prims/jvm.cpp, line 1312]
Event: 2.571 Thread 0x00007f8755230000 Exception <a 'java/security/PrivilegedActionException'> (0x0000000796849b38) thrown at [/HUDSON3/workspace/8-2-build-macosx-x86_64/jdk8u25/1514/hotspot/src/share/vm/prims/jvm.cpp, line 1312]
Event: 2.573 Thread 0x00007f8755230000 Exception <a 'java/security/PrivilegedActionException'> (0x0000000796858a20) thrown at [/HUDSON3/workspace/8-2-build-macosx-x86_64/jdk8u25/1514/hotspot/src/share/vm/prims/jvm.cpp, line 1312]
Event: 2.577 Thread 0x00007f8755230000 Exception <a 'java/security/PrivilegedActionException'> (0x000000079687b460) thrown at [/HUDSON3/workspace/8-2-build-macosx-x86_64/jdk8u25/1514/hotspot/src/share/vm/prims/jvm.cpp, line 1312]
Event: 2.581 Thread 0x00007f8755230000 Exception <a 'java/security/PrivilegedActionException'> (0x000000079689b280) thrown at [/HUDSON3/workspace/8-2-build-macosx-x86_64/jdk8u25/1514/hotspot/src/share/vm/prims/jvm.cpp, line 1312]
Event: 2.581 Thread 0x00007f8755230000 Exception <a 'java/security/PrivilegedActionException'> (0x00000007968a4270) thrown at [/HUDSON3/workspace/8-2-build-macosx-x86_64/jdk8u25/1514/hotspot/src/share/vm/prims/jvm.cpp, line 1312]
Event: 2.613 Thread 0x00007f8755230000 Exception <a 'java/lang/NoSuchMethodError': java.lang.Object.lambda$minYProperty$2(Ljava/lang/Number;Ljavafx/geometry/Bounds;)Ljava/lang/Double;> (0x0000000796907a98) thrown at [/HUDSON3/workspace/8-2-build-macosx-x86_64/jdk8u25/1514/hotspot/src/share/vm/
Event: 3.315 Thread 0x00007f8755230000 Exception <a 'java/security/PrivilegedActionException'> (0x00000007970f5670) thrown at [/HUDSON3/workspace/8-2-build-macosx-x86_64/jdk8u25/1514/hotspot/src/share/vm/prims/jvm.cpp, line 1312]

Events (10 events):
Event: 6.875 loading class java/util/LinkedList$ListItr done
Event: 6.876 loading class com/sun/javafx/tk/quantum/QuantumRenderer
Event: 6.876 loading class com/sun/javafx/tk/quantum/QuantumRenderer done
Event: 6.876 loading class com/sun/javafx/tk/quantum/QuantumToolkit
Event: 6.876 loading class com/sun/javafx/tk/quantum/QuantumToolkit done
Event: 6.877 Thread 0x00007f875482f000 Thread exited: 0x00007f875482f000
Event: 6.877 Thread 0x00007f8754004000 Thread exited: 0x00007f8754004000
Event: 6.877 Thread 0x00007f8754004000 Thread added: 0x00007f8754004000
Event: 6.877 Thread 0x00007f8755150800 Thread exited: 0x00007f8755150800
Event: 6.877 Thread 0x00007f8755230000 Thread exited: 0x00007f8755230000


Dynamic libraries:
0x000000000129f000 	/System/Library/Frameworks/Cocoa.framework/Versions/A/Cocoa
0x000000000129f000 	/System/Library/Frameworks/Security.framework/Versions/A/Security
0x000000000129f000 	/System/Library/Frameworks/ApplicationServices.framework/Versions/A/ApplicationServices
0x000000000129f000 	/usr/lib/libz.1.dylib
0x000000000129f000 	/usr/lib/libSystem.B.dylib
0x000000000129f000 	/usr/lib/libobjc.A.dylib
0x000000000129f000 	/System/Library/Frameworks/CoreFoundation.framework/Versions/A/CoreFoundation
0x000000000129f000 	/System/Library/Frameworks/Foundation.framework/Versions/C/Foundation
0x000000000129f000 	/System/Library/Frameworks/AppKit.framework/Versions/C/AppKit
0x000000000129f000 	/System/Library/Frameworks/CoreData.framework/Versions/A/CoreData
0x000000000129f000 	/System/Library/PrivateFrameworks/RemoteViewServices.framework/Versions/A/RemoteViewServices
0x000000000129f000 	/System/Library/PrivateFrameworks/UIFoundation.framework/Versions/A/UIFoundation
0x000000000129f000 	/usr/lib/libScreenReader.dylib
0x000000000129f000 	/System/Library/Frameworks/Accelerate.framework/Versions/A/Accelerate
0x000000000129f000 	/System/Library/Frameworks/IOSurface.framework/Versions/A/IOSurface
0x000000000129f000 	/System/Library/Frameworks/AudioToolbox.framework/Versions/A/AudioToolbox
0x000000000129f000 	/System/Library/Frameworks/AudioUnit.framework/Versions/A/AudioUnit
0x000000000129f000 	/System/Library/PrivateFrameworks/DataDetectorsCore.framework/Versions/A/DataDetectorsCore
0x000000000129f000 	/System/Library/PrivateFrameworks/DesktopServicesPriv.framework/Versions/A/DesktopServicesPriv
0x000000000129f000 	/System/Library/Frameworks/Carbon.framework/Versions/A/Frameworks/HIToolbox.framework/Versions/A/HIToolbox
0x000000000129f000 	/System/Library/Frameworks/QuartzCore.framework/Versions/A/QuartzCore
0x000000000129f000 	/System/Library/Frameworks/Carbon.framework/Versions/A/Frameworks/SpeechRecognition.framework/Versions/A/SpeechRecognition
0x000000000129f000 	/usr/lib/libauto.dylib
0x000000000129f000 	/usr/lib/libicucore.A.dylib
0x000000000129f000 	/usr/lib/libxml2.2.dylib
0x000000000129f000 	/System/Library/PrivateFrameworks/CoreUI.framework/Versions/A/CoreUI
0x000000000129f000 	/System/Library/Frameworks/CoreAudio.framework/Versions/A/CoreAudio
0x000000000129f000 	/System/Library/Frameworks/DiskArbitration.framework/Versions/A/DiskArbitration
0x000000000129f000 	/usr/lib/liblangid.dylib
0x000000000129f000 	/System/Library/PrivateFrameworks/MultitouchSupport.framework/Versions/A/MultitouchSupport
0x000000000129f000 	/System/Library/Frameworks/IOKit.framework/Versions/A/IOKit
0x000000000129f000 	/usr/lib/libDiagnosticMessagesClient.dylib
0x000000000129f000 	/System/Library/Frameworks/CoreServices.framework/Versions/A/CoreServices
0x000000000129f000 	/System/Library/PrivateFrameworks/PerformanceAnalysis.framework/Versions/A/PerformanceAnalysis
0x000000000129f000 	/System/Library/PrivateFrameworks/GenerationalStorage.framework/Versions/A/GenerationalStorage
0x000000000129f000 	/System/Library/Frameworks/OpenGL.framework/Versions/A/OpenGL
0x000000000129f000 	/System/Library/PrivateFrameworks/Sharing.framework/Versions/A/Sharing
0x000000000129f000 	/System/Library/Frameworks/CoreGraphics.framework/Versions/A/CoreGraphics
0x000000000129f000 	/System/Library/Frameworks/CoreImage.framework/Versions/A/CoreImage
0x000000000129f000 	/System/Library/Frameworks/CoreText.framework/Versions/A/CoreText
0x000000000129f000 	/System/Library/Frameworks/ImageIO.framework/Versions/A/ImageIO
0x000000000129f000 	/System/Library/PrivateFrameworks/Backup.framework/Versions/A/Backup
0x000000000129f000 	/usr/lib/libextension.dylib
0x000000000129f000 	/usr/lib/libarchive.2.dylib
0x000000000129f000 	/System/Library/Frameworks/CFNetwork.framework/Versions/A/CFNetwork
0x000000000129f000 	/System/Library/Frameworks/SystemConfiguration.framework/Versions/A/SystemConfiguration
0x000000000129f000 	/usr/lib/libCRFSuite.dylib
0x000000000129f000 	/usr/lib/libc++.1.dylib
0x000000000129f000 	/usr/lib/libc++abi.dylib
0x000000000129f000 	/usr/lib/system/libcache.dylib
0x000000000129f000 	/usr/lib/system/libcommonCrypto.dylib
0x000000000129f000 	/usr/lib/system/libcompiler_rt.dylib
0x000000000129f000 	/usr/lib/system/libcopyfile.dylib
0x000000000129f000 	/usr/lib/system/libcorecrypto.dylib
0x000000000129f000 	/usr/lib/system/libdispatch.dylib
0x000000000129f000 	/usr/lib/system/libdyld.dylib
0x000000000129f000 	/usr/lib/system/libkeymgr.dylib
0x000000000129f000 	/usr/lib/system/liblaunch.dylib
0x000000000129f000 	/usr/lib/system/libmacho.dylib
0x000000000129f000 	/usr/lib/system/libquarantine.dylib
0x000000000129f000 	/usr/lib/system/libremovefile.dylib
0x000000000129f000 	/usr/lib/system/libsystem_asl.dylib
0x000000000129f000 	/usr/lib/system/libsystem_blocks.dylib
0x000000000129f000 	/usr/lib/system/libsystem_c.dylib
0x000000000129f000 	/usr/lib/system/libsystem_configuration.dylib
0x000000000129f000 	/usr/lib/system/libsystem_coreservices.dylib
0x000000000129f000 	/usr/lib/system/libsystem_coretls.dylib
0x000000000129f000 	/usr/lib/system/libsystem_dnssd.dylib
0x000000000129f000 	/usr/lib/system/libsystem_info.dylib
0x000000000129f000 	/usr/lib/system/libsystem_kernel.dylib
0x000000000129f000 	/usr/lib/system/libsystem_m.dylib
0x000000000129f000 	/usr/lib/system/libsystem_malloc.dylib
0x000000000129f000 	/usr/lib/system/libsystem_network.dylib
0x000000000129f000 	/usr/lib/system/libsystem_networkextension.dylib
0x000000000129f000 	/usr/lib/system/libsystem_notify.dylib
0x000000000129f000 	/usr/lib/system/libsystem_platform.dylib
0x000000000129f000 	/usr/lib/system/libsystem_pthread.dylib
0x000000000129f000 	/usr/lib/system/libsystem_sandbox.dylib
0x000000000129f000 	/usr/lib/system/libsystem_secinit.dylib
0x000000000129f000 	/usr/lib/system/libsystem_trace.dylib
0x000000000129f000 	/usr/lib/system/libunc.dylib
0x000000000129f000 	/usr/lib/system/libunwind.dylib
0x000000000129f000 	/usr/lib/system/libxpc.dylib
0x000000000129f000 	/usr/lib/libenergytrace.dylib
0x000000000129f000 	/usr/lib/libbsm.0.dylib
0x000000000129f000 	/usr/lib/system/libkxld.dylib
0x000000000129f000 	/usr/lib/libxar.1.dylib
0x000000000129f000 	/usr/lib/libsqlite3.dylib
0x000000000129f000 	/usr/lib/libpam.2.dylib
0x000000000129f000 	/usr/lib/libOpenScriptingUtil.dylib
0x000000000129f000 	/usr/lib/libbz2.1.0.dylib
0x000000000129f000 	/usr/lib/liblzma.5.dylib
0x000000000129f000 	/System/Library/Frameworks/CoreServices.framework/Versions/A/Frameworks/FSEvents.framework/Versions/A/FSEvents
0x000000000129f000 	/System/Library/Frameworks/CoreServices.framework/Versions/A/Frameworks/CarbonCore.framework/Versions/A/CarbonCore
0x000000000129f000 	/System/Library/Frameworks/CoreServices.framework/Versions/A/Frameworks/Metadata.framework/Versions/A/Metadata
0x000000000129f000 	/System/Library/Frameworks/CoreServices.framework/Versions/A/Frameworks/OSServices.framework/Versions/A/OSServices
0x000000000129f000 	/System/Library/Frameworks/CoreServices.framework/Versions/A/Frameworks/SearchKit.framework/Versions/A/SearchKit
0x000000000129f000 	/System/Library/Frameworks/CoreServices.framework/Versions/A/Frameworks/AE.framework/Versions/A/AE
0x000000000129f000 	/System/Library/Frameworks/CoreServices.framework/Versions/A/Frameworks/LaunchServices.framework/Versions/A/LaunchServices
0x000000000129f000 	/System/Library/Frameworks/CoreServices.framework/Versions/A/Frameworks/DictionaryServices.framework/Versions/A/DictionaryServices
0x000000000129f000 	/System/Library/Frameworks/CoreServices.framework/Versions/A/Frameworks/SharedFileList.framework/Versions/A/SharedFileList
0x000000000129f000 	/System/Library/Frameworks/NetFS.framework/Versions/A/NetFS
0x000000000129f000 	/System/Library/PrivateFrameworks/NetAuth.framework/Versions/A/NetAuth
0x000000000129f000 	/System/Library/PrivateFrameworks/login.framework/Versions/A/Frameworks/loginsupport.framework/Versions/A/loginsupport
0x000000000129f000 	/System/Library/PrivateFrameworks/TCC.framework/Versions/A/TCC
0x000000000129f000 	/usr/lib/libmecabra.dylib
0x000000000129f000 	/System/Library/Frameworks/ApplicationServices.framework/Versions/A/Frameworks/ATS.framework/Versions/A/ATS
0x000000000129f000 	/System/Library/Frameworks/ApplicationServices.framework/Versions/A/Frameworks/ColorSync.framework/Versions/A/ColorSync
0x000000000129f000 	/System/Library/Frameworks/ApplicationServices.framework/Versions/A/Frameworks/HIServices.framework/Versions/A/HIServices
0x000000000129f000 	/System/Library/Frameworks/ApplicationServices.framework/Versions/A/Frameworks/LangAnalysis.framework/Versions/A/LangAnalysis
0x000000000129f000 	/System/Library/Frameworks/ApplicationServices.framework/Versions/A/Frameworks/PrintCore.framework/Versions/A/PrintCore
0x000000000129f000 	/System/Library/Frameworks/ApplicationServices.framework/Versions/A/Frameworks/QD.framework/Versions/A/QD
0x000000000129f000 	/System/Library/Frameworks/ApplicationServices.framework/Versions/A/Frameworks/SpeechSynthesis.framework/Versions/A/SpeechSynthesis
0x000000000129f000 	/System/Library/Frameworks/Metal.framework/Versions/A/Metal
0x000000000129f000 	/System/Library/Frameworks/Accelerate.framework/Versions/A/Frameworks/vImage.framework/Versions/A/vImage
0x000000000129f000 	/System/Library/Frameworks/Accelerate.framework/Versions/A/Frameworks/vecLib.framework/Versions/A/vecLib
0x000000000129f000 	/System/Library/Frameworks/Accelerate.framework/Versions/A/Frameworks/vecLib.framework/Versions/A/libvDSP.dylib
0x000000000129f000 	/System/Library/Frameworks/Accelerate.framework/Versions/A/Frameworks/vecLib.framework/Versions/A/libvMisc.dylib
0x000000000129f000 	/System/Library/Frameworks/Accelerate.framework/Versions/A/Frameworks/vecLib.framework/Versions/A/libLAPACK.dylib
0x000000000129f000 	/System/Library/Frameworks/Accelerate.framework/Versions/A/Frameworks/vecLib.framework/Versions/A/libBLAS.dylib
0x000000000129f000 	/System/Library/Frameworks/Accelerate.framework/Versions/A/Frameworks/vecLib.framework/Versions/A/libLinearAlgebra.dylib
0x000000000129f000 	/System/Library/Frameworks/Accelerate.framework/Versions/A/Frameworks/vecLib.framework/Versions/A/libSparseBLAS.dylib
0x000000000129f000 	/System/Library/PrivateFrameworks/GPUCompiler.framework/libmetal_timestamp.dylib
0x000000000129f000 	/System/Library/Frameworks/OpenGL.framework/Versions/A/Libraries/libCoreFSCache.dylib
0x000000000129f000 	/System/Library/PrivateFrameworks/IOAccelerator.framework/Versions/A/IOAccelerator
0x000000000129f000 	/System/Library/Frameworks/ApplicationServices.framework/Versions/A/Frameworks/ATS.framework/Versions/A/Resources/libFontParser.dylib
0x000000000129f000 	/System/Library/Frameworks/ApplicationServices.framework/Versions/A/Frameworks/ATS.framework/Versions/A/Resources/libFontRegistry.dylib
0x000000000129f000 	/System/Library/PrivateFrameworks/AppleVPA.framework/Versions/A/AppleVPA
0x000000000129f000 	/System/Library/PrivateFrameworks/AppleJPEG.framework/Versions/A/AppleJPEG
0x000000000129f000 	/System/Library/Frameworks/ImageIO.framework/Versions/A/Resources/libJPEG.dylib
0x000000000129f000 	/System/Library/Frameworks/ImageIO.framework/Versions/A/Resources/libTIFF.dylib
0x000000000129f000 	/System/Library/Frameworks/ImageIO.framework/Versions/A/Resources/libPng.dylib
0x000000000129f000 	/System/Library/Frameworks/ImageIO.framework/Versions/A/Resources/libGIF.dylib
0x000000000129f000 	/System/Library/Frameworks/ImageIO.framework/Versions/A/Resources/libJP2.dylib
0x000000000129f000 	/System/Library/Frameworks/ImageIO.framework/Versions/A/Resources/libRadiance.dylib
0x000000000129f000 	/System/Library/Frameworks/CoreVideo.framework/Versions/A/CoreVideo
0x000000000129f000 	/System/Library/Frameworks/OpenGL.framework/Versions/A/Libraries/libGLU.dylib
0x000000000129f000 	/System/Library/Frameworks/OpenGL.framework/Versions/A/Libraries/libGFXShared.dylib
0x000000000129f000 	/System/Library/Frameworks/OpenGL.framework/Versions/A/Libraries/libGL.dylib
0x000000000129f000 	/System/Library/Frameworks/OpenGL.framework/Versions/A/Libraries/libGLImage.dylib
0x000000000129f000 	/System/Library/Frameworks/OpenGL.framework/Versions/A/Libraries/libCVMSPluginSupport.dylib
0x000000000129f000 	/System/Library/Frameworks/OpenGL.framework/Versions/A/Libraries/libCoreVMClient.dylib
0x000000000129f000 	/usr/lib/libcups.2.dylib
0x000000000129f000 	/System/Library/Frameworks/Kerberos.framework/Versions/A/Kerberos
0x000000000129f000 	/System/Library/Frameworks/GSS.framework/Versions/A/GSS
0x000000000129f000 	/usr/lib/libresolv.9.dylib
0x000000000129f000 	/usr/lib/libiconv.2.dylib
0x000000000129f000 	/System/Library/PrivateFrameworks/Heimdal.framework/Versions/A/Heimdal
0x000000000129f000 	/usr/lib/libheimdal-asn1.dylib
0x000000000129f000 	/System/Library/Frameworks/OpenDirectory.framework/Versions/A/OpenDirectory
0x000000000129f000 	/System/Library/PrivateFrameworks/CommonAuth.framework/Versions/A/CommonAuth
0x000000000129f000 	/System/Library/Frameworks/OpenDirectory.framework/Versions/A/Frameworks/CFOpenDirectory.framework/Versions/A/CFOpenDirectory
0x000000000129f000 	/System/Library/Frameworks/SecurityFoundation.framework/Versions/A/SecurityFoundation
0x000000000129f000 	/System/Library/PrivateFrameworks/LanguageModeling.framework/Versions/A/LanguageModeling
0x000000000129f000 	/usr/lib/libmarisa.dylib
0x000000000129f000 	/usr/lib/libChineseTokenizer.dylib
0x000000000129f000 	/usr/lib/libcmph.dylib
0x000000000129f000 	/usr/lib/libcompression.dylib
0x000000000129f000 	/System/Library/Frameworks/ServiceManagement.framework/Versions/A/ServiceManagement
0x000000000129f000 	/usr/lib/libxslt.1.dylib
0x000000000129f000 	/System/Library/Frameworks/Carbon.framework/Versions/A/Frameworks/Ink.framework/Versions/A/Ink
0x000000000129f000 	/usr/lib/libFosl_dynamic.dylib
0x000000000129f000 	/System/Library/PrivateFrameworks/FaceCore.framework/Versions/A/FaceCore
0x000000000129f000 	/System/Library/Frameworks/OpenCL.framework/Versions/A/OpenCL
0x000000000129f000 	/System/Library/PrivateFrameworks/CrashReporterSupport.framework/Versions/A/CrashReporterSupport
0x000000000129f000 	/System/Library/PrivateFrameworks/IconServices.framework/Versions/A/IconServices
0x000000000129f000 	/System/Library/PrivateFrameworks/Apple80211.framework/Versions/A/Apple80211
0x000000000129f000 	/System/Library/Frameworks/CoreWLAN.framework/Versions/A/CoreWLAN
0x000000000129f000 	/System/Library/Frameworks/IOBluetooth.framework/Versions/A/IOBluetooth
0x000000000129f000 	/System/Library/PrivateFrameworks/CoreWiFi.framework/Versions/A/CoreWiFi
0x000000000129f000 	/System/Library/Frameworks/CoreBluetooth.framework/Versions/A/CoreBluetooth
0x000000000129f000 	/System/Library/PrivateFrameworks/ChunkingLibrary.framework/Versions/A/ChunkingLibrary
0x000000000129f000 	/System/Library/PrivateFrameworks/DebugSymbols.framework/Versions/A/DebugSymbols
0x000000000129f000 	/System/Library/PrivateFrameworks/CoreSymbolication.framework/Versions/A/CoreSymbolication
0x000000000129f000 	/System/Library/PrivateFrameworks/Symbolication.framework/Versions/A/Symbolication
0x000000000129f000 	/System/Library/PrivateFrameworks/SpeechRecognitionCore.framework/Versions/A/SpeechRecognitionCore
0x00000001016a8000 	/Library/Java/JavaVirtualMachines/jdk1.8.0_25.jdk/Contents/Home/jre/lib/server/libjvm.dylib
0x000000000129f000 	/usr/lib/libstdc++.6.dylib
0x00000001025c8000 	/Library/Java/JavaVirtualMachines/jdk1.8.0_25.jdk/Contents/Home/jre/lib/libverify.dylib
0x0000000102e00000 	/Library/Java/JavaVirtualMachines/jdk1.8.0_25.jdk/Contents/Home/jre/lib/libjava.dylib
0x00000001025e0000 	/Library/Java/JavaVirtualMachines/jdk1.8.0_25.jdk/Contents/Home/jre/lib/libzip.dylib
0x0000000118793000 	/System/Library/Frameworks/JavaVM.framework/Frameworks/JavaRuntimeSupport.framework/JavaRuntimeSupport
0x00000001025ea000 	/System/Library/Frameworks/JavaVM.framework/Versions/A/Frameworks/JavaNativeFoundation.framework/Versions/A/JavaNativeFoundation
0x00000001187ae000 	/System/Library/Frameworks/JavaVM.framework/Versions/A/JavaVM
0x000000000129f000 	/System/Library/Frameworks/Carbon.framework/Versions/A/Carbon
0x00000001187bb000 	/System/Library/PrivateFrameworks/JavaLaunching.framework/Versions/A/JavaLaunching
0x000000000129f000 	/System/Library/Frameworks/Carbon.framework/Versions/A/Frameworks/CommonPanels.framework/Versions/A/CommonPanels
0x000000000129f000 	/System/Library/Frameworks/Carbon.framework/Versions/A/Frameworks/Help.framework/Versions/A/Help
0x000000000129f000 	/System/Library/Frameworks/Carbon.framework/Versions/A/Frameworks/ImageCapture.framework/Versions/A/ImageCapture
0x000000000129f000 	/System/Library/Frameworks/Carbon.framework/Versions/A/Frameworks/OpenScripting.framework/Versions/A/OpenScripting
0x000000000129f000 	/System/Library/Frameworks/Carbon.framework/Versions/A/Frameworks/Print.framework/Versions/A/Print
0x000000000129f000 	/System/Library/Frameworks/Carbon.framework/Versions/A/Frameworks/SecurityHI.framework/Versions/A/SecurityHI
0x000000011a279000 	/Applications/IntelliJ IDEA 14.app/Contents/bin/libbreakgen64.jnilib
0x000000011a308000 	/Library/Java/JavaVirtualMachines/jdk1.8.0_25.jdk/Contents/Home/jre/lib/libnet.dylib
0x000000011a367000 	/Library/Java/JavaVirtualMachines/jdk1.8.0_25.jdk/Contents/Home/jre/lib/libprism_es2.dylib
0x000000000129f000 	/System/Library/Frameworks/OpenGL.framework/Versions/A/Resources/GLEngine.bundle/GLEngine
0x000000000129f000 	/System/Library/Frameworks/OpenGL.framework/Versions/A/Libraries/libGLProgrammability.dylib
0x000000011a3e8000 	/System/Library/Extensions/AppleIntelHD5000GraphicsGLDriver.bundle/Contents/MacOS/AppleIntelHD5000GraphicsGLDriver
0x000000000129f000 	/System/Library/PrivateFrameworks/GPUSupport.framework/Versions/A/Libraries/libGPUSupportMercury.dylib
0x000000000129f000 	/System/Library/Frameworks/OpenGL.framework/Versions/A/Resources/GLRendererFloat.bundle/GLRendererFloat
0x000000000129f000 	/System/Library/Frameworks/OpenCL.framework/Versions/A/Libraries/libcldcpuengine.dylib
0x000000000129f000 	/System/Library/PrivateFrameworks/DiskImages.framework/Versions/A/DiskImages
0x000000000129f000 	/System/Library/Frameworks/DiscRecording.framework/Versions/A/DiscRecording
0x000000000129f000 	/usr/lib/libcsfde.dylib
0x000000000129f000 	/usr/lib/libcurl.4.dylib
0x000000000129f000 	/System/Library/PrivateFrameworks/MediaKit.framework/Versions/A/MediaKit
0x000000000129f000 	/System/Library/PrivateFrameworks/ProtectedCloudStorage.framework/Versions/A/ProtectedCloudStorage
0x000000000129f000 	/usr/lib/libCoreStorage.dylib
0x000000000129f000 	/System/Library/PrivateFrameworks/EFILogin.framework/Versions/A/EFILogin
0x000000000129f000 	/usr/lib/libutil.dylib
0x000000000129f000 	/System/Library/PrivateFrameworks/FindMyDevice.framework/Versions/A/FindMyDevice
0x000000000129f000 	/System/Library/Frameworks/LDAP.framework/Versions/A/LDAP
0x000000000129f000 	/usr/lib/libsasl2.2.dylib
0x000000000129f000 	/System/Library/PrivateFrameworks/CoreDaemon.framework/Versions/B/CoreDaemon
0x000000000129f000 	/usr/lib/libcrypto.0.9.8.dylib
0x000000000129f000 	/System/Library/PrivateFrameworks/AppleSRP.framework/Versions/A/AppleSRP
0x000000000129f000 	/System/Library/PrivateFrameworks/TrustEvaluationAgent.framework/Versions/A/TrustEvaluationAgent
0x000000011af77000 	/Library/Java/JavaVirtualMachines/jdk1.8.0_25.jdk/Contents/Home/jre/lib/libglass.dylib
0x000000000129f000 	/System/Library/PrivateFrameworks/CoreServicesInternal.framework/Versions/A/CoreServicesInternal
0x000000000129f000 	/System/Library/CoreServices/RawCamera.bundle/Contents/MacOS/RawCamera
0x000000000129f000 	/System/Library/Frameworks/CoreGraphics.framework/Versions/A/Resources/libRIP.A.dylib
0x000000000129f000 	/System/Library/Frameworks/Accelerate.framework/Versions/A/Frameworks/vImage.framework/Versions/A/Libraries/libCGInterfaces.dylib
0x000000000129f000 	/System/Library/PrivateFrameworks/FamilyControls.framework/Versions/A/FamilyControls
0x000000000129f000 	/System/Library/PrivateFrameworks/CommerceKit.framework/Versions/A/Frameworks/CommerceCore.framework/Versions/A/CommerceCore
0x000000000129f000 	/System/Library/PrivateFrameworks/SystemAdministration.framework/Versions/A/SystemAdministration
0x000000000129f000 	/System/Library/PrivateFrameworks/AppContainer.framework/Versions/A/AppContainer
0x000000000129f000 	/System/Library/PrivateFrameworks/SecCodeWrapper.framework/Versions/A/SecCodeWrapper
0x000000000129f000 	/System/Library/Frameworks/DirectoryService.framework/Versions/A/DirectoryService
0x000000000129f000 	/System/Library/PrivateFrameworks/LoginUIKit.framework/Versions/A/Frameworks/LoginUICore.framework/Versions/A/LoginUICore
0x000000000129f000 	/usr/lib/libodfde.dylib
0x000000011da7e000 	/Library/Java/JavaVirtualMachines/jdk1.8.0_25.jdk/Contents/Home/jre/lib/libjavafx_font.dylib
0x000000000129f000 	/System/Library/Frameworks/CoreGraphics.framework/Versions/A/Resources/libCGXType.A.dylib
0x000000011dea5000 	cl_kernels
0x000000000129f000 	/System/Library/Frameworks/OpenCL.framework/Versions/A/Libraries/ImageFormats/unorm8_bgra.dylib
0x000000000129f000 	/System/Library/Frameworks/OpenCL.framework/Versions/A/Libraries/ImageFormats/unorm8_rgba.dylib
0x0000000124439000 	/Library/Java/JavaVirtualMachines/jdk1.8.0_25.jdk/Contents/Home/jre/lib/libprism_common.dylib
0x0000000126a66000 	/System/Library/Extensions/AppleIntelHD5000GraphicsMTLDriver.bundle/Contents/MacOS/AppleIntelHD5000GraphicsMTLDriver

VM Arguments:
jvm_args: -Didea.launcher.port=7545 -Didea.launcher.bin.path=/Applications/IntelliJ IDEA 14.app/Contents/bin -Dfile.encoding=UTF-8 
java_command: com.intellij.rt.execution.application.AppMain simulizer.Main
java_class_path (initial): /Library/Java/JavaVirtualMachines/jdk1.8.0_25.jdk/Contents/Home/lib/ant-javafx.jar:/Library/Java/JavaVirtualMachines/jdk1.8.0_25.jdk/Contents/Home/lib/dt.jar:/Library/Java/JavaVirtualMachines/jdk1.8.0_25.jdk/Contents/Home/lib/javafx-mx.jar:/Library/Java/JavaVirtualMachines/jdk1.8.0_25.jdk/Contents/Home/lib/jconsole.jar:/Library/Java/JavaVirtualMachines/jdk1.8.0_25.jdk/Contents/Home/lib/sa-jdi.jar:/Library/Java/JavaVirtualMachines/jdk1.8.0_25.jdk/Contents/Home/lib/tools.jar:/Library/Java/JavaVirtualMachines/jdk1.8.0_25.jdk/Contents/Home/jre/lib/charsets.jar:/Library/Java/JavaVirtualMachines/jdk1.8.0_25.jdk/Contents/Home/jre/lib/deploy.jar:/Library/Java/JavaVirtualMachines/jdk1.8.0_25.jdk/Contents/Home/jre/lib/javaws.jar:/Library/Java/JavaVirtualMachines/jdk1.8.0_25.jdk/Contents/Home/jre/lib/jce.jar:/Library/Java/JavaVirtualMachines/jdk1.8.0_25.jdk/Contents/Home/jre/lib/jfr.jar:/Library/Java/JavaVirtualMachines/jdk1.8.0_25.jdk/Contents/Home/jre/lib/jfxswt.jar:/Library/Java/JavaVirtualMachines/jdk1.8.0_25.jdk/Contents/Home/jre/lib/jsse.jar:/Library/Java/JavaVirtualMachines/jdk1.8.0_25.jdk/Contents/Home/jre/lib/management-agent.jar:/Library/Java/JavaVirtualMachines/jdk1.8.0_25.jdk/Contents/Home/jre/lib/plugin.jar:/Library/Java/JavaVirtualMachines/jdk1.8.0_25.jdk/Contents/Home/jre/lib/resources.jar:/Library/Java/JavaVirtualMachines/jdk1.8.0_25.jdk/Contents/Home/jre/lib/rt.jar:/Library/Java/JavaVirtualMachines/jdk1.8.0_25.jdk/Contents/Home/jre/lib/ext/cldrdata.jar:/Library/Java/JavaVirtualMachines/jdk1.8.0_25.jdk/Contents/Home/jre/lib/ext/dnsns.jar:/Library/Java/JavaVirtualMachines/jdk1.8.0_25.jdk/Contents/Home/jre/lib/ext/jfxrt.jar:/Library/Java/JavaVirtualMachines/jdk1.8.0_25.jdk/Contents/Home/jre/lib/ext/localedata.jar:/Library/Java/JavaVirtualMachines/jdk1.8.0_25.jdk/Contents/Home/jre/lib/ext/nashorn.jar:/Library/Java/JavaVirtualMachines/jdk1.8.0_25.jdk/Contents/Home/jre/lib/ext/sunec.jar:/Library/Java/JavaVirtualMachines/jdk1.8.0_25.jdk/C
Launcher Type: SUN_STANDARD

Environment Variables:
PATH=/usr/local/opt/coreutils/libexec/gnubin:/Users/theostyles/.composer/vendor/bin:/usr/local/bin/python3/:/Users/theostyles/lejos/bin:/Users/theostyles/.opam/4.01.0/bin:/usr/local/bin:/usr/bin:/bin:/usr/sbin:/sbin:/Users/theostyles/Play:/Users/theostyles/.rvm/bin
SHELL=/bin/zsh

Signal Handlers:
SIGSEGV: [libjvm.dylib+0x579dc7], sa_mask[0]=11111111011111110111111111111111, sa_flags=SA_ONSTACK|SA_RESTART|SA_SIGINFO
SIGBUS: [libjvm.dylib+0x579dc7], sa_mask[0]=11111111011111110111111111111111, sa_flags=SA_RESTART|SA_SIGINFO
SIGFPE: [libjvm.dylib+0x45b030], sa_mask[0]=11111111011111110111111111111111, sa_flags=SA_RESTART|SA_SIGINFO
SIGPIPE: [libjvm.dylib+0x45b030], sa_mask[0]=11111111011111110111111111111111, sa_flags=SA_RESTART|SA_SIGINFO
SIGXFSZ: [libjvm.dylib+0x45b030], sa_mask[0]=11111111011111110111111111111111, sa_flags=SA_RESTART|SA_SIGINFO
SIGILL: [libjvm.dylib+0x45b030], sa_mask[0]=11111111011111110111111111111111, sa_flags=SA_RESTART|SA_SIGINFO
SIGUSR1: SIG_DFL, sa_mask[0]=00000000000000000000000000000000, sa_flags=none
SIGUSR2: [libjvm.dylib+0x45ab4e], sa_mask[0]=00100000000000000000000000000000, sa_flags=SA_RESTART|SA_SIGINFO
SIGHUP: [libjvm.dylib+0x459121], sa_mask[0]=11111111011111110111111111111111, sa_flags=SA_RESTART|SA_SIGINFO
SIGINT: [libjvm.dylib+0x459121], sa_mask[0]=11111111011111110111111111111111, sa_flags=SA_RESTART|SA_SIGINFO
SIGTERM: [libjvm.dylib+0x459121], sa_mask[0]=11111111011111110111111111111111, sa_flags=SA_RESTART|SA_SIGINFO
SIGQUIT: [libjvm.dylib+0x459121], sa_mask[0]=11111111011111110111111111111111, sa_flags=SA_RESTART|SA_SIGINFO


---------------  S Y S T E M  ---------------

OS:Bsduname:Darwin 15.0.0 Darwin Kernel Version 15.0.0: Sat Sep 19 15:53:46 PDT 2015; root:xnu-3247.10.11~1/RELEASE_X86_64 x86_64
rlimit: STACK 8192k, CORE 0k, NPROC 709, NOFILE 10240, AS infinity
load average:5.01 4.08 3.31

CPU:total 4 (2 cores per cpu, 2 threads per core) family 6 model 69 stepping 1, cmov, cx8, fxsr, mmx, sse, sse2, sse3, ssse3, sse4.1, sse4.2, popcnt, avx, avx2, aes, clmul, erms, lzcnt, ht, tsc, tscinvbit, bmi1, bmi2

Memory: 4k page, physical 8388608k(198536k free)

/proc/meminfo:


vm_info: Java HotSpot(TM) 64-Bit Server VM (25.25-b02) for bsd-amd64 JRE (1.8.0_25-b17), built on Sep 17 2014 16:56:50 by "java_re" with gcc 4.2.1 (Based on Apple Inc. build 5658) (LLVM build 2336.11.00)

time: Wed Feb 17 19:37:03 2016
elapsed time: 33 seconds (0d 0h 0m 33s)

