#
# A fatal error has been detected by the Java Runtime Environment:
#
#  SIGSEGV (0xb) at pc=0x000000012149b3fd, pid=40001, tid=1295
#
# JRE version: Java(TM) SE Runtime Environment (8.0_25-b17) (build 1.8.0_25-b17)
# Java VM: Java HotSpot(TM) 64-Bit Server VM (25.25-b02 mixed mode bsd-amd64 compressed oops)
# Problematic frame:
# C  [libglass.dylib+0x163fd]  GlassScreenDidChangeScreenParameters+0x9d
#
# Failed to write core dump. Core dumps have been disabled. To enable core dumping, try "ulimit -c unlimited" before starting Java again
#
# If you would like to submit a bug report, please visit:
#   http://bugreport.sun.com/bugreport/crash.jsp
#

---------------  T H R E A D  ---------------

Current thread is native thread

siginfo: si_signo: 11 (SIGSEGV), si_code: 1 (SEGV_MAPERR), si_addr: 0x0000000000000000

Registers:
RAX=0x00000001214cde40, RBX=0x0000000000000000, RCX=0x0000000000000103, RDX=0x00007fc249db0818
RSP=0x00007fff582c05b0, RBP=0x00007fff582c05c0, RSI=0x00007fc249c01c10, RDI=0x0000000000000000
R8 =0x0000000000000040, R9 =0x00007fff748b11e0, R10=0xffffffffffffffff, R11=0x0000000000000246
R12=0x00007fc249c2a360, R13=0x00007fc249d5d650, R14=0x00007fc249d5d690, R15=0x0000000000000000
RIP=0x000000012149b3fd, EFLAGS=0x0000000000010206, ERR=0x0000000000000004
  TRAPNO=0x000000000000000e

Top of Stack: (sp=0x00007fff582c05b0)
0x00007fff582c05b0:   00007fff582c0608 00007fc249d5d690
0x00007fff582c05c0:   00007fff582c05d0 00007fff9398dc9c
0x00007fff582c05d0:   00007fff582c05f0 00007fff9398dc2f
0x00007fff582c05e0:   0000000000000000 0000000000000000
0x00007fff582c05f0:   00007fff582c0660 00007fff9398dba7
0x00007fff582c0600:   00007fff74d4c110 00007fff747c50a0
0x00007fff582c0610:   0000000042000000 00007fff9398dbf0
0x00007fff582c0620:   00007fff74bd76f0 00007fc249d5d650
0x00007fff582c0630:   00007fc249c2a360 00007fff582c0e08
0x00007fff582c0640:   00007fff74d046d0 00007fff582c0e08
0x00007fff582c0650:   00007fc249d5d650 00007fff93d4ca02
0x00007fff582c0660:   00007fff582c06a0 00007fff9398d912
0x00007fff582c0670:   00007fff582c0c80 0000000000000000
0x00007fff582c0680:   00007fff74d046d0 00007fff582c0e08
0x00007fff582c0690:   00007fff8866ed40 00007fff93d4ca02
0x00007fff582c06a0:   00007fff582c0db0 00007fff9394a6d2
0x00007fff582c06b0:   00007fff582c0700 00007fff960ed378
0x00007fff582c06c0:   00007fc249e13a90 00007fc249f05f20
0x00007fff582c06d0:   00007fc24b000048 00007fc249c2be40
0x00007fff582c06e0:   0000000000000000 00007fc249d5d6f0
0x00007fff582c06f0:   0000000000000000 0000000000000000
0x00007fff582c0700:   00007fff74c14b50 00007fff582c0c80
0x00007fff582c0710:   0000000000000001 0000000000000100
0x00007fff582c0720:   0000000000000d00 00007fff582c0b80
0x00007fff582c0730:   0000000000000000 0000000000000100
0x00007fff582c0740:   00007fff582c0700 00007fff74d046d0
0x00007fff582c0750:   0000000000000000 00007fff74bd8490
0x00007fff582c0760:   00007fff74d046d0 0000000000000000
0x00007fff582c0770:   00007fff74bd8490 00007fc249cd2480
0x00007fff582c0780:   00007fc249e13a00 0000000000000002
0x00007fff582c0790:   0000000000000000 00007fff8866ed40
0x00007fff582c07a0:   00007fff582c0960 00007fff93d6d100 

Instructions: (pc=0x000000012149b3fd)
0x000000012149b3dd:   89 df 4c 89 f1 41 ff 90 68 04 00 00 48 8d 05 58
0x000000012149b3ed:   29 03 00 48 8b 30 48 8d 05 46 2a 03 00 48 8b 10
0x000000012149b3fd:   48 8b 0b 30 c0 48 89 df ff 91 68 04 00 00 48 8b
0x000000012149b40d:   03 48 89 df ff 50 78 48 85 c0 74 36 49 89 c6 48 

Register to memory mapping:

RAX=0x00000001214cde40: jScreenNotifySettingsChanged+0 in /Library/Java/JavaVirtualMachines/jdk1.8.0_25.jdk/Contents/Home/jre/lib/libglass.dylib at 0x0000000121485000
RBX=0x0000000000000000 is an unknown value
RCX=0x0000000000000103 is an unknown value
RDX=0x00007fc249db0818 is an unknown value
RSP=0x00007fff582c05b0 is an unknown value
RBP=0x00007fff582c05c0 is an unknown value
RSI=0x00007fc249c01c10 is a global jni handle
RDI=0x0000000000000000 is an unknown value
R8 =0x0000000000000040 is an unknown value
R9 =0x00007fff748b11e0: __sFX+0x1c0 in /usr/lib/system/libsystem_c.dylib at 0x00007fff91a7c000
R10=0xffffffffffffffff is an unknown value
R11=0x0000000000000246 is an unknown value
R12=0x00007fc249c2a360 is an unknown value
R13=0x00007fc249d5d650 is an unknown value
R14=0x00007fc249d5d690 is an unknown value
R15=0x0000000000000000 is an unknown value


Stack: [0x00007fff57ac5000,0x00007fff582c5000],  sp=0x00007fff582c05b0,  free space=8173k
Native frames: (J=compiled Java code, j=interpreted, Vv=VM code, C=native code)
C  [libglass.dylib+0x163fd]  GlassScreenDidChangeScreenParameters+0x9d
C  [CoreFoundation+0xa0c9c]  __CFNOTIFICATIONCENTER_IS_CALLING_OUT_TO_AN_OBSERVER__+0xc
C  [CoreFoundation+0xa0c2f]  ___CFXRegistrationPost_block_invoke+0x3f
C  [CoreFoundation+0xa0ba7]  _CFXRegistrationPost+0x197
C  [CoreFoundation+0xa0912]  ___CFXNotificationPost_block_invoke+0x32
C  [CoreFoundation+0x5d6d2]  -[_CFXNotificationRegistrar find:object:observer:enumerator:]+0x782
C  [CoreFoundation+0x5c925]  _CFXNotificationPost+0x2b5
C  [Foundation+0x70fa]  -[NSNotificationCenter postNotificationName:object:userInfo:]+0x42
C  [AppKit+0x41da66]  -[NSApplication _reactToScreenInvalidationImmediately:]+0x17f
C  [AppKit+0x41d8b7]  __44-[NSApplication _reactToScreenInvalidation:]_block_invoke+0x3b
C  [CoreFoundation+0xaa4dc]  __CFRUNLOOP_IS_CALLING_OUT_TO_A_BLOCK__+0xc
C  [CoreFoundation+0x89df5]  __CFRunLoopDoBlocks+0x155
C  [CoreFoundation+0x89b5b]  __CFRunLoopRun+0x92b
C  [CoreFoundation+0x88fc8]  CFRunLoopRunSpecific+0x128
C  [java+0x56cc]  CreateExecutionEnvironment+0x367
C  [java+0x165c]  JLI_Launch+0x7a0
C  [java+0x768a]  main+0x65
C  [java+0xeb4]  start+0x34


---------------  P R O C E S S  ---------------

VM state:not at safepoint (normal execution)

VM Mutex/Monitor currently owned by a thread: None

Heap:
 PSYoungGen      total 38400K, used 36275K [0x0000000795580000, 0x0000000798000000, 0x00000007c0000000)
  eden space 33280K, 93% used [0x0000000795580000,0x00000007973ef5b8,0x0000000797600000)
  from space 5120K, 99% used [0x0000000797600000,0x0000000797afd7f0,0x0000000797b00000)
  to   space 5120K, 0% used [0x0000000797b00000,0x0000000797b00000,0x0000000798000000)
 ParOldGen       total 87552K, used 49K [0x0000000740000000, 0x0000000745580000, 0x0000000795580000)
  object space 87552K, 0% used [0x0000000740000000,0x000000074000c7c8,0x0000000745580000)
 Metaspace       used 19006K, capacity 20684K, committed 20992K, reserved 1067008K
  class space    used 2934K, capacity 3243K, committed 3328K, reserved 1048576K

Card table byte_map: [0x00000001187c0000,0x0000000118bc1000] byte_map_base: 0x0000000114dc0000

Marking Bits: (ParMarkBitMap*) 0x0000000108453390
 Begin Bits: [0x0000000118e6c000, 0x000000011ae6c000)
 End Bits:   [0x000000011ae6c000, 0x000000011ce6c000)

Polling page: 0x0000000108b18000

CodeCache: size=245760Kb used=8634Kb max_used=8639Kb free=237125Kb
 bounds [0x0000000109400000, 0x0000000109c80000, 0x0000000118400000]
 total_blobs=3453 nmethods=2795 adapters=572
 compilation: enabled

Compilation events (10 events):
Event: 8.233 Thread 0x00007fc24b827800 2796       3       javafx.scene.Node$ReadOnlyObjectWrapperManualFire::fireSuperValueChangedEvent (5 bytes)
Event: 8.234 Thread 0x00007fc24b827800 nmethod 2796 0x0000000109c720d0 code [0x0000000109c72260, 0x0000000109c72628]
Event: 8.517 Thread 0x00007fc24b827000 2797       4       java.util.ArrayList::rangeCheck (22 bytes)
Event: 8.518 Thread 0x00007fc24b827800 2798       3       java.util.ArrayList::remove (69 bytes)
Event: 8.518 Thread 0x00007fc24b827000 nmethod 2797 0x0000000109be79d0 code [0x0000000109be7b20, 0x0000000109be7b98]
Event: 8.518 Thread 0x00007fc24b827800 nmethod 2798 0x0000000109c74910 code [0x0000000109c74ae0, 0x0000000109c75168]
Event: 8.518 Thread 0x00007fc24b827800 2799   !   3       java.util.ArrayList$Itr::remove (68 bytes)
Event: 8.519 Thread 0x00007fc24b827800 nmethod 2799 0x0000000109c73f50 code [0x0000000109c74100, 0x0000000109c74698]
Event: 8.519 Thread 0x00007fc24b827800 2800       3       java.util.Formatter$Flags::contains (22 bytes)
Event: 8.519 Thread 0x00007fc24b827800 nmethod 2800 0x0000000109c73b10 code [0x0000000109c73c80, 0x0000000109c73e90]

GC Heap History (2 events):
Event: 2.598 GC heap before
{Heap before GC invocations=1 (full 0):
 PSYoungGen      total 38400K, used 33280K [0x0000000795580000, 0x0000000798000000, 0x00000007c0000000)
  eden space 33280K, 100% used [0x0000000795580000,0x0000000797600000,0x0000000797600000)
  from space 5120K, 0% used [0x0000000797b00000,0x0000000797b00000,0x0000000798000000)
  to   space 5120K, 0% used [0x0000000797600000,0x0000000797600000,0x0000000797b00000)
 ParOldGen       total 87552K, used 0K [0x0000000740000000, 0x0000000745580000, 0x0000000795580000)
  object space 87552K, 0% used [0x0000000740000000,0x0000000740000000,0x0000000745580000)
 Metaspace       used 13410K, capacity 14044K, committed 14336K, reserved 1060864K
  class space    used 2038K, capacity 2221K, committed 2304K, reserved 1048576K
Event: 2.609 GC heap after
Heap after GC invocations=1 (full 0):
 PSYoungGen      total 38400K, used 5109K [0x0000000795580000, 0x0000000798000000, 0x00000007c0000000)
  eden space 33280K, 0% used [0x0000000795580000,0x0000000795580000,0x0000000797600000)
  from space 5120K, 99% used [0x0000000797600000,0x0000000797afd7f0,0x0000000797b00000)
  to   space 5120K, 0% used [0x0000000797b00000,0x0000000797b00000,0x0000000798000000)
 ParOldGen       total 87552K, used 49K [0x0000000740000000, 0x0000000745580000, 0x0000000795580000)
  object space 87552K, 0% used [0x0000000740000000,0x000000074000c7c8,0x0000000745580000)
 Metaspace       used 13410K, capacity 14044K, committed 14336K, reserved 1060864K
  class space    used 2038K, capacity 2221K, committed 2304K, reserved 1048576K
}

Deoptimization events (10 events):
Event: 2.809 Thread 0x00007fc24b8df000 Uncommon trap: reason=bimorphic action=maybe_recompile pc=0x00000001097af1e4 method=java.util.Collections$UnmodifiableList.get(I)Ljava/lang/Object; @ 5
Event: 2.809 Thread 0x00007fc24b8df000 Uncommon trap: reason=speculate_class_check action=maybe_recompile pc=0x00000001097c707c method=com.sun.javafx.css.BitSet.containsAll(Ljava/util/Collection;)Z @ 18
Event: 2.809 Thread 0x00007fc24b8df000 Uncommon trap: reason=bimorphic action=maybe_recompile pc=0x00000001097af1e4 method=java.util.Collections$UnmodifiableList.get(I)Ljava/lang/Object; @ 5
Event: 2.811 Thread 0x00007fc24b8df000 Uncommon trap: reason=class_check action=maybe_recompile pc=0x000000010953ce1c method=java.lang.String.equals(Ljava/lang/Object;)Z @ 8
Event: 2.884 Thread 0x00007fc24b8df000 Uncommon trap: reason=unreached action=reinterpret pc=0x000000010976aa00 method=java.util.HashMap.putVal(ILjava/lang/Object;Ljava/lang/Object;ZZ)Ljava/lang/Object; @ 193
Event: 2.893 Thread 0x00007fc24b8df000 Uncommon trap: reason=unreached action=reinterpret pc=0x00000001097a98c4 method=javafx.beans.property.ObjectPropertyBase.get()Ljava/lang/Object; @ 9
Event: 3.376 Thread 0x00007fc24b8df000 Uncommon trap: reason=array_check action=maybe_recompile pc=0x0000000109903064 method=com.sun.javafx.css.SimpleSelector.applies(Ljavafx/css/Styleable;[Ljava/util/Set;I)Z @ 37
Event: 3.377 Thread 0x00007fc24b8df000 Uncommon trap: reason=array_check action=maybe_recompile pc=0x0000000109903064 method=com.sun.javafx.css.SimpleSelector.applies(Ljavafx/css/Styleable;[Ljava/util/Set;I)Z @ 37
Event: 3.377 Thread 0x00007fc24b8df000 Uncommon trap: reason=array_check action=maybe_recompile pc=0x0000000109903064 method=com.sun.javafx.css.SimpleSelector.applies(Ljavafx/css/Styleable;[Ljava/util/Set;I)Z @ 37
Event: 3.377 Thread 0x00007fc24b8df000 Uncommon trap: reason=array_check action=maybe_recompile pc=0x0000000109903064 method=com.sun.javafx.css.SimpleSelector.applies(Ljavafx/css/Styleable;[Ljava/util/Set;I)Z @ 37

Internal exceptions (10 events):
Event: 3.523 Thread 0x00007fc24b8df000 Exception <a 'java/security/PrivilegedActionException'> (0x0000000796834510) thrown at [/HUDSON3/workspace/8-2-build-macosx-x86_64/jdk8u25/1514/hotspot/src/share/vm/prims/jvm.cpp, line 1312]
Event: 3.524 Thread 0x00007fc24b8df000 Exception <a 'java/security/PrivilegedActionException'> (0x000000079683c4d8) thrown at [/HUDSON3/workspace/8-2-build-macosx-x86_64/jdk8u25/1514/hotspot/src/share/vm/prims/jvm.cpp, line 1312]
Event: 3.524 Thread 0x00007fc24b8df000 Exception <a 'java/security/PrivilegedActionException'> (0x0000000796844010) thrown at [/HUDSON3/workspace/8-2-build-macosx-x86_64/jdk8u25/1514/hotspot/src/share/vm/prims/jvm.cpp, line 1312]
Event: 3.526 Thread 0x00007fc24b8df000 Exception <a 'java/security/PrivilegedActionException'> (0x0000000796852a30) thrown at [/HUDSON3/workspace/8-2-build-macosx-x86_64/jdk8u25/1514/hotspot/src/share/vm/prims/jvm.cpp, line 1312]
Event: 3.539 Thread 0x00007fc24b8df000 Exception <a 'java/security/PrivilegedActionException'> (0x0000000796875470) thrown at [/HUDSON3/workspace/8-2-build-macosx-x86_64/jdk8u25/1514/hotspot/src/share/vm/prims/jvm.cpp, line 1312]
Event: 3.561 Thread 0x00007fc24b8df000 Exception <a 'java/security/PrivilegedActionException'> (0x00000007968952c0) thrown at [/HUDSON3/workspace/8-2-build-macosx-x86_64/jdk8u25/1514/hotspot/src/share/vm/prims/jvm.cpp, line 1312]
Event: 3.562 Thread 0x00007fc24b8df000 Exception <a 'java/security/PrivilegedActionException'> (0x000000079689e2b0) thrown at [/HUDSON3/workspace/8-2-build-macosx-x86_64/jdk8u25/1514/hotspot/src/share/vm/prims/jvm.cpp, line 1312]
Event: 3.597 Thread 0x00007fc24b8df000 Exception <a 'java/lang/NoSuchMethodError': java.lang.Object.lambda$minYProperty$2(Ljava/lang/Number;Ljavafx/geometry/Bounds;)Ljava/lang/Double;> (0x00000007969016a8) thrown at [/HUDSON3/workspace/8-2-build-macosx-x86_64/jdk8u25/1514/hotspot/src/share/vm/
Event: 4.269 Thread 0x00007fc24b8df000 Exception <a 'java/security/PrivilegedActionException'> (0x0000000796fe3a70) thrown at [/HUDSON3/workspace/8-2-build-macosx-x86_64/jdk8u25/1514/hotspot/src/share/vm/prims/jvm.cpp, line 1312]
Event: 7.907 Thread 0x00007fc24b8df000 Exception <a 'java/security/PrivilegedActionException'> (0x00000007972988c0) thrown at [/HUDSON3/workspace/8-2-build-macosx-x86_64/jdk8u25/1514/hotspot/src/share/vm/prims/jvm.cpp, line 1312]

Events (10 events):
Event: 8.523 loading class javafx/application/Application done
Event: 8.533 loading class com/sun/javafx/tk/quantum/QuantumRenderer
Event: 8.533 loading class com/sun/javafx/tk/quantum/QuantumRenderer done
Event: 8.534 loading class com/sun/javafx/tk/quantum/QuantumToolkit
Event: 8.534 loading class com/sun/javafx/tk/quantum/QuantumToolkit done
Event: 8.535 Thread 0x00007fc24b0a5000 Thread exited: 0x00007fc24b0a5000
Event: 8.535 Thread 0x00007fc24b0a0800 Thread exited: 0x00007fc24b0a0800
Event: 8.536 Thread 0x00007fc24b803000 Thread exited: 0x00007fc24b803000
Event: 8.536 Thread 0x00007fc24a821000 Thread added: 0x00007fc24a821000
Event: 8.537 Thread 0x00007fc24b8df000 Thread exited: 0x00007fc24b8df000


Dynamic libraries:
0x000000000129f000 	/System/Library/Frameworks/Cocoa.framework/Versions/A/Cocoa
0x000000000129f000 	/System/Library/Frameworks/Security.framework/Versions/A/Security
0x000000000129f000 	/System/Library/Frameworks/ApplicationServices.framework/Versions/A/ApplicationServices
0x000000000129f000 	/usr/lib/libz.1.dylib
0x000000000129f000 	/usr/lib/libSystem.B.dylib
0x000000000129f000 	/usr/lib/libobjc.A.dylib
0x000000000129f000 	/System/Library/Frameworks/CoreFoundation.framework/Versions/A/CoreFoundation
0x000000000129f000 	/System/Library/Frameworks/Foundation.framework/Versions/C/Foundation
0x000000000129f000 	/System/Library/Frameworks/AppKit.framework/Versions/C/AppKit
0x000000000129f000 	/System/Library/Frameworks/CoreData.framework/Versions/A/CoreData
0x000000000129f000 	/System/Library/PrivateFrameworks/RemoteViewServices.framework/Versions/A/RemoteViewServices
0x000000000129f000 	/System/Library/PrivateFrameworks/UIFoundation.framework/Versions/A/UIFoundation
0x000000000129f000 	/usr/lib/libScreenReader.dylib
0x000000000129f000 	/System/Library/Frameworks/Accelerate.framework/Versions/A/Accelerate
0x000000000129f000 	/System/Library/Frameworks/IOSurface.framework/Versions/A/IOSurface
0x000000000129f000 	/System/Library/Frameworks/AudioToolbox.framework/Versions/A/AudioToolbox
0x000000000129f000 	/System/Library/Frameworks/AudioUnit.framework/Versions/A/AudioUnit
0x000000000129f000 	/System/Library/PrivateFrameworks/DataDetectorsCore.framework/Versions/A/DataDetectorsCore
0x000000000129f000 	/System/Library/PrivateFrameworks/DesktopServicesPriv.framework/Versions/A/DesktopServicesPriv
0x000000000129f000 	/System/Library/Frameworks/Carbon.framework/Versions/A/Frameworks/HIToolbox.framework/Versions/A/HIToolbox
0x000000000129f000 	/System/Library/Frameworks/QuartzCore.framework/Versions/A/QuartzCore
0x000000000129f000 	/System/Library/Frameworks/Carbon.framework/Versions/A/Frameworks/SpeechRecognition.framework/Versions/A/SpeechRecognition
0x000000000129f000 	/usr/lib/libauto.dylib
0x000000000129f000 	/usr/lib/libicucore.A.dylib
0x000000000129f000 	/usr/lib/libxml2.2.dylib
0x000000000129f000 	/System/Library/PrivateFrameworks/CoreUI.framework/Versions/A/CoreUI
0x000000000129f000 	/System/Library/Frameworks/CoreAudio.framework/Versions/A/CoreAudio
0x000000000129f000 	/System/Library/Frameworks/DiskArbitration.framework/Versions/A/DiskArbitration
0x000000000129f000 	/usr/lib/liblangid.dylib
0x000000000129f000 	/System/Library/PrivateFrameworks/MultitouchSupport.framework/Versions/A/MultitouchSupport
0x000000000129f000 	/System/Library/Frameworks/IOKit.framework/Versions/A/IOKit
0x000000000129f000 	/usr/lib/libDiagnosticMessagesClient.dylib
0x000000000129f000 	/System/Library/Frameworks/CoreServices.framework/Versions/A/CoreServices
0x000000000129f000 	/System/Library/PrivateFrameworks/PerformanceAnalysis.framework/Versions/A/PerformanceAnalysis
0x000000000129f000 	/System/Library/PrivateFrameworks/GenerationalStorage.framework/Versions/A/GenerationalStorage
0x000000000129f000 	/System/Library/Frameworks/OpenGL.framework/Versions/A/OpenGL
0x000000000129f000 	/System/Library/PrivateFrameworks/Sharing.framework/Versions/A/Sharing
0x000000000129f000 	/System/Library/Frameworks/CoreGraphics.framework/Versions/A/CoreGraphics
0x000000000129f000 	/System/Library/Frameworks/CoreImage.framework/Versions/A/CoreImage
0x000000000129f000 	/System/Library/Frameworks/CoreText.framework/Versions/A/CoreText
0x000000000129f000 	/System/Library/Frameworks/ImageIO.framework/Versions/A/ImageIO
0x000000000129f000 	/System/Library/PrivateFrameworks/Backup.framework/Versions/A/Backup
0x000000000129f000 	/usr/lib/libextension.dylib
0x000000000129f000 	/usr/lib/libarchive.2.dylib
0x000000000129f000 	/System/Library/Frameworks/CFNetwork.framework/Versions/A/CFNetwork
0x000000000129f000 	/System/Library/Frameworks/SystemConfiguration.framework/Versions/A/SystemConfiguration
0x000000000129f000 	/usr/lib/libCRFSuite.dylib
0x000000000129f000 	/usr/lib/libc++.1.dylib
0x000000000129f000 	/usr/lib/libc++abi.dylib
0x000000000129f000 	/usr/lib/system/libcache.dylib
0x000000000129f000 	/usr/lib/system/libcommonCrypto.dylib
0x000000000129f000 	/usr/lib/system/libcompiler_rt.dylib
0x000000000129f000 	/usr/lib/system/libcopyfile.dylib
0x000000000129f000 	/usr/lib/system/libcorecrypto.dylib
0x000000000129f000 	/usr/lib/system/libdispatch.dylib
0x000000000129f000 	/usr/lib/system/libdyld.dylib
0x000000000129f000 	/usr/lib/system/libkeymgr.dylib
0x000000000129f000 	/usr/lib/system/liblaunch.dylib
0x000000000129f000 	/usr/lib/system/libmacho.dylib
0x000000000129f000 	/usr/lib/system/libquarantine.dylib
0x000000000129f000 	/usr/lib/system/libremovefile.dylib
0x000000000129f000 	/usr/lib/system/libsystem_asl.dylib
0x000000000129f000 	/usr/lib/system/libsystem_blocks.dylib
0x000000000129f000 	/usr/lib/system/libsystem_c.dylib
0x000000000129f000 	/usr/lib/system/libsystem_configuration.dylib
0x000000000129f000 	/usr/lib/system/libsystem_coreservices.dylib
0x000000000129f000 	/usr/lib/system/libsystem_coretls.dylib
0x000000000129f000 	/usr/lib/system/libsystem_dnssd.dylib
0x000000000129f000 	/usr/lib/system/libsystem_info.dylib
0x000000000129f000 	/usr/lib/system/libsystem_kernel.dylib
0x000000000129f000 	/usr/lib/system/libsystem_m.dylib
0x000000000129f000 	/usr/lib/system/libsystem_malloc.dylib
0x000000000129f000 	/usr/lib/system/libsystem_network.dylib
0x000000000129f000 	/usr/lib/system/libsystem_networkextension.dylib
0x000000000129f000 	/usr/lib/system/libsystem_notify.dylib
0x000000000129f000 	/usr/lib/system/libsystem_platform.dylib
0x000000000129f000 	/usr/lib/system/libsystem_pthread.dylib
0x000000000129f000 	/usr/lib/system/libsystem_sandbox.dylib
0x000000000129f000 	/usr/lib/system/libsystem_secinit.dylib
0x000000000129f000 	/usr/lib/system/libsystem_trace.dylib
0x000000000129f000 	/usr/lib/system/libunc.dylib
0x000000000129f000 	/usr/lib/system/libunwind.dylib
0x000000000129f000 	/usr/lib/system/libxpc.dylib
0x000000000129f000 	/usr/lib/libenergytrace.dylib
0x000000000129f000 	/usr/lib/libbsm.0.dylib
0x000000000129f000 	/usr/lib/system/libkxld.dylib
0x000000000129f000 	/usr/lib/libxar.1.dylib
0x000000000129f000 	/usr/lib/libsqlite3.dylib
0x000000000129f000 	/usr/lib/libpam.2.dylib
0x000000000129f000 	/usr/lib/libOpenScriptingUtil.dylib
0x000000000129f000 	/usr/lib/libbz2.1.0.dylib
0x000000000129f000 	/usr/lib/liblzma.5.dylib
0x000000000129f000 	/System/Library/Frameworks/CoreServices.framework/Versions/A/Frameworks/FSEvents.framework/Versions/A/FSEvents
0x000000000129f000 	/System/Library/Frameworks/CoreServices.framework/Versions/A/Frameworks/CarbonCore.framework/Versions/A/CarbonCore
0x000000000129f000 	/System/Library/Frameworks/CoreServices.framework/Versions/A/Frameworks/Metadata.framework/Versions/A/Metadata
0x000000000129f000 	/System/Library/Frameworks/CoreServices.framework/Versions/A/Frameworks/OSServices.framework/Versions/A/OSServices
0x000000000129f000 	/System/Library/Frameworks/CoreServices.framework/Versions/A/Frameworks/SearchKit.framework/Versions/A/SearchKit
0x000000000129f000 	/System/Library/Frameworks/CoreServices.framework/Versions/A/Frameworks/AE.framework/Versions/A/AE
0x000000000129f000 	/System/Library/Frameworks/CoreServices.framework/Versions/A/Frameworks/LaunchServices.framework/Versions/A/LaunchServices
0x000000000129f000 	/System/Library/Frameworks/CoreServices.framework/Versions/A/Frameworks/DictionaryServices.framework/Versions/A/DictionaryServices
0x000000000129f000 	/System/Library/Frameworks/CoreServices.framework/Versions/A/Frameworks/SharedFileList.framework/Versions/A/SharedFileList
0x000000000129f000 	/System/Library/Frameworks/NetFS.framework/Versions/A/NetFS
0x000000000129f000 	/System/Library/PrivateFrameworks/NetAuth.framework/Versions/A/NetAuth
0x000000000129f000 	/System/Library/PrivateFrameworks/login.framework/Versions/A/Frameworks/loginsupport.framework/Versions/A/loginsupport
0x000000000129f000 	/System/Library/PrivateFrameworks/TCC.framework/Versions/A/TCC
0x000000000129f000 	/usr/lib/libmecabra.dylib
0x000000000129f000 	/System/Library/Frameworks/ApplicationServices.framework/Versions/A/Frameworks/ATS.framework/Versions/A/ATS
0x000000000129f000 	/System/Library/Frameworks/ApplicationServices.framework/Versions/A/Frameworks/ColorSync.framework/Versions/A/ColorSync
0x000000000129f000 	/System/Library/Frameworks/ApplicationServices.framework/Versions/A/Frameworks/HIServices.framework/Versions/A/HIServices
0x000000000129f000 	/System/Library/Frameworks/ApplicationServices.framework/Versions/A/Frameworks/LangAnalysis.framework/Versions/A/LangAnalysis
0x000000000129f000 	/System/Library/Frameworks/ApplicationServices.framework/Versions/A/Frameworks/PrintCore.framework/Versions/A/PrintCore
0x000000000129f000 	/System/Library/Frameworks/ApplicationServices.framework/Versions/A/Frameworks/QD.framework/Versions/A/QD
0x000000000129f000 	/System/Library/Frameworks/ApplicationServices.framework/Versions/A/Frameworks/SpeechSynthesis.framework/Versions/A/SpeechSynthesis
0x000000000129f000 	/System/Library/Frameworks/Metal.framework/Versions/A/Metal
0x000000000129f000 	/System/Library/Frameworks/Accelerate.framework/Versions/A/Frameworks/vImage.framework/Versions/A/vImage
0x000000000129f000 	/System/Library/Frameworks/Accelerate.framework/Versions/A/Frameworks/vecLib.framework/Versions/A/vecLib
0x000000000129f000 	/System/Library/Frameworks/Accelerate.framework/Versions/A/Frameworks/vecLib.framework/Versions/A/libvDSP.dylib
0x000000000129f000 	/System/Library/Frameworks/Accelerate.framework/Versions/A/Frameworks/vecLib.framework/Versions/A/libvMisc.dylib
0x000000000129f000 	/System/Library/Frameworks/Accelerate.framework/Versions/A/Frameworks/vecLib.framework/Versions/A/libLAPACK.dylib
0x000000000129f000 	/System/Library/Frameworks/Accelerate.framework/Versions/A/Frameworks/vecLib.framework/Versions/A/libBLAS.dylib
0x000000000129f000 	/System/Library/Frameworks/Accelerate.framework/Versions/A/Frameworks/vecLib.framework/Versions/A/libLinearAlgebra.dylib
0x000000000129f000 	/System/Library/Frameworks/Accelerate.framework/Versions/A/Frameworks/vecLib.framework/Versions/A/libSparseBLAS.dylib
0x000000000129f000 	/System/Library/PrivateFrameworks/GPUCompiler.framework/libmetal_timestamp.dylib
0x000000000129f000 	/System/Library/Frameworks/OpenGL.framework/Versions/A/Libraries/libCoreFSCache.dylib
0x000000000129f000 	/System/Library/PrivateFrameworks/IOAccelerator.framework/Versions/A/IOAccelerator
0x000000000129f000 	/System/Library/Frameworks/ApplicationServices.framework/Versions/A/Frameworks/ATS.framework/Versions/A/Resources/libFontParser.dylib
0x000000000129f000 	/System/Library/Frameworks/ApplicationServices.framework/Versions/A/Frameworks/ATS.framework/Versions/A/Resources/libFontRegistry.dylib
0x000000000129f000 	/System/Library/PrivateFrameworks/AppleVPA.framework/Versions/A/AppleVPA
0x000000000129f000 	/System/Library/PrivateFrameworks/AppleJPEG.framework/Versions/A/AppleJPEG
0x000000000129f000 	/System/Library/Frameworks/ImageIO.framework/Versions/A/Resources/libJPEG.dylib
0x000000000129f000 	/System/Library/Frameworks/ImageIO.framework/Versions/A/Resources/libTIFF.dylib
0x000000000129f000 	/System/Library/Frameworks/ImageIO.framework/Versions/A/Resources/libPng.dylib
0x000000000129f000 	/System/Library/Frameworks/ImageIO.framework/Versions/A/Resources/libGIF.dylib
0x000000000129f000 	/System/Library/Frameworks/ImageIO.framework/Versions/A/Resources/libJP2.dylib
0x000000000129f000 	/System/Library/Frameworks/ImageIO.framework/Versions/A/Resources/libRadiance.dylib
0x000000000129f000 	/System/Library/Frameworks/CoreVideo.framework/Versions/A/CoreVideo
0x000000000129f000 	/System/Library/Frameworks/OpenGL.framework/Versions/A/Libraries/libGLU.dylib
0x000000000129f000 	/System/Library/Frameworks/OpenGL.framework/Versions/A/Libraries/libGFXShared.dylib
0x000000000129f000 	/System/Library/Frameworks/OpenGL.framework/Versions/A/Libraries/libGL.dylib
0x000000000129f000 	/System/Library/Frameworks/OpenGL.framework/Versions/A/Libraries/libGLImage.dylib
0x000000000129f000 	/System/Library/Frameworks/OpenGL.framework/Versions/A/Libraries/libCVMSPluginSupport.dylib
0x000000000129f000 	/System/Library/Frameworks/OpenGL.framework/Versions/A/Libraries/libCoreVMClient.dylib
0x000000000129f000 	/usr/lib/libcups.2.dylib
0x000000000129f000 	/System/Library/Frameworks/Kerberos.framework/Versions/A/Kerberos
0x000000000129f000 	/System/Library/Frameworks/GSS.framework/Versions/A/GSS
0x000000000129f000 	/usr/lib/libresolv.9.dylib
0x000000000129f000 	/usr/lib/libiconv.2.dylib
0x000000000129f000 	/System/Library/PrivateFrameworks/Heimdal.framework/Versions/A/Heimdal
0x000000000129f000 	/usr/lib/libheimdal-asn1.dylib
0x000000000129f000 	/System/Library/Frameworks/OpenDirectory.framework/Versions/A/OpenDirectory
0x000000000129f000 	/System/Library/PrivateFrameworks/CommonAuth.framework/Versions/A/CommonAuth
0x000000000129f000 	/System/Library/Frameworks/OpenDirectory.framework/Versions/A/Frameworks/CFOpenDirectory.framework/Versions/A/CFOpenDirectory
0x000000000129f000 	/System/Library/Frameworks/SecurityFoundation.framework/Versions/A/SecurityFoundation
0x000000000129f000 	/System/Library/PrivateFrameworks/LanguageModeling.framework/Versions/A/LanguageModeling
0x000000000129f000 	/usr/lib/libmarisa.dylib
0x000000000129f000 	/usr/lib/libChineseTokenizer.dylib
0x000000000129f000 	/usr/lib/libcmph.dylib
0x000000000129f000 	/usr/lib/libcompression.dylib
0x000000000129f000 	/System/Library/Frameworks/ServiceManagement.framework/Versions/A/ServiceManagement
0x000000000129f000 	/usr/lib/libxslt.1.dylib
0x000000000129f000 	/System/Library/Frameworks/Carbon.framework/Versions/A/Frameworks/Ink.framework/Versions/A/Ink
0x000000000129f000 	/usr/lib/libFosl_dynamic.dylib
0x000000000129f000 	/System/Library/PrivateFrameworks/FaceCore.framework/Versions/A/FaceCore
0x000000000129f000 	/System/Library/Frameworks/OpenCL.framework/Versions/A/OpenCL
0x000000000129f000 	/System/Library/PrivateFrameworks/CrashReporterSupport.framework/Versions/A/CrashReporterSupport
0x000000000129f000 	/System/Library/PrivateFrameworks/IconServices.framework/Versions/A/IconServices
0x000000000129f000 	/System/Library/PrivateFrameworks/Apple80211.framework/Versions/A/Apple80211
0x000000000129f000 	/System/Library/Frameworks/CoreWLAN.framework/Versions/A/CoreWLAN
0x000000000129f000 	/System/Library/Frameworks/IOBluetooth.framework/Versions/A/IOBluetooth
0x000000000129f000 	/System/Library/PrivateFrameworks/CoreWiFi.framework/Versions/A/CoreWiFi
0x000000000129f000 	/System/Library/Frameworks/CoreBluetooth.framework/Versions/A/CoreBluetooth
0x000000000129f000 	/System/Library/PrivateFrameworks/ChunkingLibrary.framework/Versions/A/ChunkingLibrary
0x000000000129f000 	/System/Library/PrivateFrameworks/DebugSymbols.framework/Versions/A/DebugSymbols
0x000000000129f000 	/System/Library/PrivateFrameworks/CoreSymbolication.framework/Versions/A/CoreSymbolication
0x000000000129f000 	/System/Library/PrivateFrameworks/Symbolication.framework/Versions/A/Symbolication
0x000000000129f000 	/System/Library/PrivateFrameworks/SpeechRecognitionCore.framework/Versions/A/SpeechRecognitionCore
0x0000000107bb6000 	/Library/Java/JavaVirtualMachines/jdk1.8.0_25.jdk/Contents/Home/jre/lib/server/libjvm.dylib
0x000000000129f000 	/usr/lib/libstdc++.6.dylib
0x0000000108ad6000 	/Library/Java/JavaVirtualMachines/jdk1.8.0_25.jdk/Contents/Home/jre/lib/libverify.dylib
0x0000000108ae4000 	/Library/Java/JavaVirtualMachines/jdk1.8.0_25.jdk/Contents/Home/jre/lib/libjava.dylib
0x0000000108b22000 	/Library/Java/JavaVirtualMachines/jdk1.8.0_25.jdk/Contents/Home/jre/lib/libzip.dylib
0x000000011ec94000 	/System/Library/Frameworks/JavaVM.framework/Frameworks/JavaRuntimeSupport.framework/JavaRuntimeSupport
0x000000011ecaf000 	/System/Library/Frameworks/JavaVM.framework/Versions/A/Frameworks/JavaNativeFoundation.framework/Versions/A/JavaNativeFoundation
0x000000011ecc4000 	/System/Library/Frameworks/JavaVM.framework/Versions/A/JavaVM
0x000000000129f000 	/System/Library/Frameworks/Carbon.framework/Versions/A/Carbon
0x000000011ecd1000 	/System/Library/PrivateFrameworks/JavaLaunching.framework/Versions/A/JavaLaunching
0x000000000129f000 	/System/Library/Frameworks/Carbon.framework/Versions/A/Frameworks/CommonPanels.framework/Versions/A/CommonPanels
0x000000000129f000 	/System/Library/Frameworks/Carbon.framework/Versions/A/Frameworks/Help.framework/Versions/A/Help
0x000000000129f000 	/System/Library/Frameworks/Carbon.framework/Versions/A/Frameworks/ImageCapture.framework/Versions/A/ImageCapture
0x000000000129f000 	/System/Library/Frameworks/Carbon.framework/Versions/A/Frameworks/OpenScripting.framework/Versions/A/OpenScripting
0x000000000129f000 	/System/Library/Frameworks/Carbon.framework/Versions/A/Frameworks/Print.framework/Versions/A/Print
0x000000000129f000 	/System/Library/Frameworks/Carbon.framework/Versions/A/Frameworks/SecurityHI.framework/Versions/A/SecurityHI
0x0000000120787000 	/Applications/IntelliJ IDEA 14.app/Contents/bin/libbreakgen64.jnilib
0x0000000120816000 	/Library/Java/JavaVirtualMachines/jdk1.8.0_25.jdk/Contents/Home/jre/lib/libnet.dylib
0x0000000120875000 	/Library/Java/JavaVirtualMachines/jdk1.8.0_25.jdk/Contents/Home/jre/lib/libprism_es2.dylib
0x000000000129f000 	/System/Library/Frameworks/OpenGL.framework/Versions/A/Resources/GLEngine.bundle/GLEngine
0x000000000129f000 	/System/Library/Frameworks/OpenGL.framework/Versions/A/Libraries/libGLProgrammability.dylib
0x00000001208f6000 	/System/Library/Extensions/AppleIntelHD5000GraphicsGLDriver.bundle/Contents/MacOS/AppleIntelHD5000GraphicsGLDriver
0x000000000129f000 	/System/Library/PrivateFrameworks/GPUSupport.framework/Versions/A/Libraries/libGPUSupportMercury.dylib
0x000000000129f000 	/System/Library/Frameworks/OpenGL.framework/Versions/A/Resources/GLRendererFloat.bundle/GLRendererFloat
0x000000000129f000 	/System/Library/Frameworks/OpenCL.framework/Versions/A/Libraries/libcldcpuengine.dylib
0x000000000129f000 	/System/Library/PrivateFrameworks/DiskImages.framework/Versions/A/DiskImages
0x000000000129f000 	/System/Library/Frameworks/DiscRecording.framework/Versions/A/DiscRecording
0x000000000129f000 	/usr/lib/libcsfde.dylib
0x000000000129f000 	/usr/lib/libcurl.4.dylib
0x000000000129f000 	/System/Library/PrivateFrameworks/MediaKit.framework/Versions/A/MediaKit
0x000000000129f000 	/System/Library/PrivateFrameworks/ProtectedCloudStorage.framework/Versions/A/ProtectedCloudStorage
0x000000000129f000 	/usr/lib/libCoreStorage.dylib
0x000000000129f000 	/System/Library/PrivateFrameworks/EFILogin.framework/Versions/A/EFILogin
0x000000000129f000 	/usr/lib/libutil.dylib
0x000000000129f000 	/System/Library/PrivateFrameworks/FindMyDevice.framework/Versions/A/FindMyDevice
0x000000000129f000 	/System/Library/Frameworks/LDAP.framework/Versions/A/LDAP
0x000000000129f000 	/usr/lib/libsasl2.2.dylib
0x000000000129f000 	/System/Library/PrivateFrameworks/CoreDaemon.framework/Versions/B/CoreDaemon
0x000000000129f000 	/usr/lib/libcrypto.0.9.8.dylib
0x000000000129f000 	/System/Library/PrivateFrameworks/AppleSRP.framework/Versions/A/AppleSRP
0x000000000129f000 	/System/Library/PrivateFrameworks/TrustEvaluationAgent.framework/Versions/A/TrustEvaluationAgent
0x0000000121485000 	/Library/Java/JavaVirtualMachines/jdk1.8.0_25.jdk/Contents/Home/jre/lib/libglass.dylib
0x000000000129f000 	/System/Library/PrivateFrameworks/CoreServicesInternal.framework/Versions/A/CoreServicesInternal
0x000000000129f000 	/System/Library/CoreServices/RawCamera.bundle/Contents/MacOS/RawCamera
0x000000000129f000 	/System/Library/Frameworks/CoreGraphics.framework/Versions/A/Resources/libRIP.A.dylib
0x000000000129f000 	/System/Library/Frameworks/Accelerate.framework/Versions/A/Frameworks/vImage.framework/Versions/A/Libraries/libCGInterfaces.dylib
0x000000000129f000 	/System/Library/PrivateFrameworks/FamilyControls.framework/Versions/A/FamilyControls
0x000000000129f000 	/System/Library/PrivateFrameworks/CommerceKit.framework/Versions/A/Frameworks/CommerceCore.framework/Versions/A/CommerceCore
0x000000000129f000 	/System/Library/PrivateFrameworks/SystemAdministration.framework/Versions/A/SystemAdministration
0x000000000129f000 	/System/Library/PrivateFrameworks/AppContainer.framework/Versions/A/AppContainer
0x000000000129f000 	/System/Library/PrivateFrameworks/SecCodeWrapper.framework/Versions/A/SecCodeWrapper
0x000000000129f000 	/System/Library/Frameworks/DirectoryService.framework/Versions/A/DirectoryService
0x000000000129f000 	/System/Library/PrivateFrameworks/LoginUIKit.framework/Versions/A/Frameworks/LoginUICore.framework/Versions/A/LoginUICore
0x000000000129f000 	/usr/lib/libodfde.dylib
0x0000000123f8c000 	/Library/Java/JavaVirtualMachines/jdk1.8.0_25.jdk/Contents/Home/jre/lib/libjavafx_font.dylib
0x000000000129f000 	/System/Library/Frameworks/CoreGraphics.framework/Versions/A/Resources/libCGXType.A.dylib
0x00000001297e7000 	cl_kernels
0x000000000129f000 	/System/Library/Frameworks/OpenCL.framework/Versions/A/Libraries/ImageFormats/unorm8_bgra.dylib
0x000000000129f000 	/System/Library/Frameworks/OpenCL.framework/Versions/A/Libraries/ImageFormats/unorm8_rgba.dylib
0x000000012535a000 	/Library/Java/JavaVirtualMachines/jdk1.8.0_25.jdk/Contents/Home/jre/lib/libprism_common.dylib
0x000000012cf7d000 	/System/Library/Extensions/AppleIntelHD5000GraphicsMTLDriver.bundle/Contents/MacOS/AppleIntelHD5000GraphicsMTLDriver

VM Arguments:
jvm_args: -Didea.launcher.port=7544 -Didea.launcher.bin.path=/Applications/IntelliJ IDEA 14.app/Contents/bin -Dfile.encoding=UTF-8 
java_command: com.intellij.rt.execution.application.AppMain simulizer.Main
java_class_path (initial): /Library/Java/JavaVirtualMachines/jdk1.8.0_25.jdk/Contents/Home/lib/ant-javafx.jar:/Library/Java/JavaVirtualMachines/jdk1.8.0_25.jdk/Contents/Home/lib/dt.jar:/Library/Java/JavaVirtualMachines/jdk1.8.0_25.jdk/Contents/Home/lib/javafx-mx.jar:/Library/Java/JavaVirtualMachines/jdk1.8.0_25.jdk/Contents/Home/lib/jconsole.jar:/Library/Java/JavaVirtualMachines/jdk1.8.0_25.jdk/Contents/Home/lib/sa-jdi.jar:/Library/Java/JavaVirtualMachines/jdk1.8.0_25.jdk/Contents/Home/lib/tools.jar:/Library/Java/JavaVirtualMachines/jdk1.8.0_25.jdk/Contents/Home/jre/lib/charsets.jar:/Library/Java/JavaVirtualMachines/jdk1.8.0_25.jdk/Contents/Home/jre/lib/deploy.jar:/Library/Java/JavaVirtualMachines/jdk1.8.0_25.jdk/Contents/Home/jre/lib/javaws.jar:/Library/Java/JavaVirtualMachines/jdk1.8.0_25.jdk/Contents/Home/jre/lib/jce.jar:/Library/Java/JavaVirtualMachines/jdk1.8.0_25.jdk/Contents/Home/jre/lib/jfr.jar:/Library/Java/JavaVirtualMachines/jdk1.8.0_25.jdk/Contents/Home/jre/lib/jfxswt.jar:/Library/Java/JavaVirtualMachines/jdk1.8.0_25.jdk/Contents/Home/jre/lib/jsse.jar:/Library/Java/JavaVirtualMachines/jdk1.8.0_25.jdk/Contents/Home/jre/lib/management-agent.jar:/Library/Java/JavaVirtualMachines/jdk1.8.0_25.jdk/Contents/Home/jre/lib/plugin.jar:/Library/Java/JavaVirtualMachines/jdk1.8.0_25.jdk/Contents/Home/jre/lib/resources.jar:/Library/Java/JavaVirtualMachines/jdk1.8.0_25.jdk/Contents/Home/jre/lib/rt.jar:/Library/Java/JavaVirtualMachines/jdk1.8.0_25.jdk/Contents/Home/jre/lib/ext/cldrdata.jar:/Library/Java/JavaVirtualMachines/jdk1.8.0_25.jdk/Contents/Home/jre/lib/ext/dnsns.jar:/Library/Java/JavaVirtualMachines/jdk1.8.0_25.jdk/Contents/Home/jre/lib/ext/jfxrt.jar:/Library/Java/JavaVirtualMachines/jdk1.8.0_25.jdk/Contents/Home/jre/lib/ext/localedata.jar:/Library/Java/JavaVirtualMachines/jdk1.8.0_25.jdk/Contents/Home/jre/lib/ext/nashorn.jar:/Library/Java/JavaVirtualMachines/jdk1.8.0_25.jdk/Contents/Home/jre/lib/ext/sunec.jar:/Library/Java/JavaVirtualMachines/jdk1.8.0_25.jdk/C
Launcher Type: SUN_STANDARD

Environment Variables:
PATH=/usr/local/opt/coreutils/libexec/gnubin:/Users/theostyles/.composer/vendor/bin:/usr/local/bin/python3/:/Users/theostyles/lejos/bin:/Users/theostyles/.opam/4.01.0/bin:/usr/local/bin:/usr/bin:/bin:/usr/sbin:/sbin:/Users/theostyles/Play:/Users/theostyles/.rvm/bin
SHELL=/bin/zsh

Signal Handlers:
SIGSEGV: [libjvm.dylib+0x579dc7], sa_mask[0]=11111111011111110111111111111111, sa_flags=SA_ONSTACK|SA_RESTART|SA_SIGINFO
SIGBUS: [libjvm.dylib+0x579dc7], sa_mask[0]=11111111011111110111111111111111, sa_flags=SA_RESTART|SA_SIGINFO
SIGFPE: [libjvm.dylib+0x45b030], sa_mask[0]=11111111011111110111111111111111, sa_flags=SA_RESTART|SA_SIGINFO
SIGPIPE: [libjvm.dylib+0x45b030], sa_mask[0]=11111111011111110111111111111111, sa_flags=SA_RESTART|SA_SIGINFO
SIGXFSZ: [libjvm.dylib+0x45b030], sa_mask[0]=11111111011111110111111111111111, sa_flags=SA_RESTART|SA_SIGINFO
SIGILL: [libjvm.dylib+0x45b030], sa_mask[0]=11111111011111110111111111111111, sa_flags=SA_RESTART|SA_SIGINFO
SIGUSR1: SIG_DFL, sa_mask[0]=00000000000000000000000000000000, sa_flags=none
SIGUSR2: [libjvm.dylib+0x45ab4e], sa_mask[0]=00100000000000000000000000000000, sa_flags=SA_RESTART|SA_SIGINFO
SIGHUP: [libjvm.dylib+0x459121], sa_mask[0]=11111111011111110111111111111111, sa_flags=SA_RESTART|SA_SIGINFO
SIGINT: [libjvm.dylib+0x459121], sa_mask[0]=11111111011111110111111111111111, sa_flags=SA_RESTART|SA_SIGINFO
SIGTERM: [libjvm.dylib+0x459121], sa_mask[0]=11111111011111110111111111111111, sa_flags=SA_RESTART|SA_SIGINFO
SIGQUIT: [libjvm.dylib+0x459121], sa_mask[0]=11111111011111110111111111111111, sa_flags=SA_RESTART|SA_SIGINFO


---------------  S Y S T E M  ---------------

OS:Bsduname:Darwin 15.0.0 Darwin Kernel Version 15.0.0: Sat Sep 19 15:53:46 PDT 2015; root:xnu-3247.10.11~1/RELEASE_X86_64 x86_64
rlimit: STACK 8192k, CORE 0k, NPROC 709, NOFILE 10240, AS infinity
load average:5.01 4.08 3.31

CPU:total 4 (2 cores per cpu, 2 threads per core) family 6 model 69 stepping 1, cmov, cx8, fxsr, mmx, sse, sse2, sse3, ssse3, sse4.1, sse4.2, popcnt, avx, avx2, aes, clmul, erms, lzcnt, ht, tsc, tscinvbit, bmi1, bmi2

Memory: 4k page, physical 8388608k(194520k free)

/proc/meminfo:


vm_info: Java HotSpot(TM) 64-Bit Server VM (25.25-b02) for bsd-amd64 JRE (1.8.0_25-b17), built on Sep 17 2014 16:56:50 by "java_re" with gcc 4.2.1 (Based on Apple Inc. build 5658) (LLVM build 2336.11.00)

time: Wed Feb 17 19:37:03 2016
elapsed time: 102 seconds (0d 0h 1m 42s)

