#
# A fatal error has been detected by the Java Runtime Environment:
#
#  SIGSEGV (0xb) at pc=0x00000001200cd381, pid=39948, tid=1295
#
# JRE version: Java(TM) SE Runtime Environment (8.0_25-b17) (build 1.8.0_25-b17)
# Java VM: Java HotSpot(TM) 64-Bit Server VM (25.25-b02 mixed mode bsd-amd64 compressed oops)
# Problematic frame:
# C  [libglass.dylib+0x16381]  GlassScreenDidChangeScreenParameters+0x21
#
# Failed to write core dump. Core dumps have been disabled. To enable core dumping, try "ulimit -c unlimited" before starting Java again
#
# If you would like to submit a bug report, please visit:
#   http://bugreport.sun.com/bugreport/crash.jsp
#

---------------  T H R E A D  ---------------

Current thread is native thread

siginfo: si_signo: 11 (SIGSEGV), si_code: 1 (SEGV_MAPERR), si_addr: 0x0000000000000000

Registers:
RAX=0x00000001200ffd48, RBX=0x0000000000000000, RCX=0x0000000000000103, RDX=0x0000010000000100
RSP=0x00007fff5968e5b0, RBP=0x00007fff5968e5c0, RSI=0x00007fdc29c1a590, RDI=0x0000000000000000
R8 =0x0000000000000040, R9 =0x00007fff748b11e0, R10=0xffffffffffffffff, R11=0x0000000000000246
R12=0x00007fdc29ef6820, R13=0x00007fdc29d63360, R14=0x00007fdc29d632a0, R15=0x0000000000000000
RIP=0x00000001200cd381, EFLAGS=0x0000000000010246, ERR=0x0000000000000004
  TRAPNO=0x000000000000000e

Top of Stack: (sp=0x00007fff5968e5b0)
0x00007fff5968e5b0:   00007fff5968e608 00007fdc29d632a0
0x00007fff5968e5c0:   00007fff5968e5d0 00007fff9398dc9c
0x00007fff5968e5d0:   00007fff5968e5f0 00007fff9398dc2f
0x00007fff5968e5e0:   0000000000000000 0000000000000000
0x00007fff5968e5f0:   00007fff5968e660 00007fff9398dba7
0x00007fff5968e600:   00007fff74d4c110 00007fff747c50a0
0x00007fff5968e610:   0000000042000000 00007fff9398dbf0
0x00007fff5968e620:   00007fff74bd76f0 00007fdc29d63360
0x00007fff5968e630:   00007fdc29ef6820 00007fff5968ee08
0x00007fff5968e640:   00007fff74d046d0 00007fff5968ee08
0x00007fff5968e650:   00007fdc29d63360 00007fff93d4ca02
0x00007fff5968e660:   00007fff5968e6a0 00007fff9398d912
0x00007fff5968e670:   00007fff5968ec80 0000000000000000
0x00007fff5968e680:   00007fff74d046d0 00007fff5968ee08
0x00007fff5968e690:   00007fff8866ed40 00007fff93d4ca02
0x00007fff5968e6a0:   00007fff5968edb0 00007fff9394a6d2
0x00007fff5968e6b0:   00007fdc29f28d00 0000000000000002
0x00007fff5968e6c0:   0000000000000000 00007fdc29e0b140
0x00007fff5968e6d0:   00007fdc2a009048 00007fdc29c68c80
0x00007fff5968e6e0:   0000000000000000 00007fdc29d633d0
0x00007fff5968e6f0:   0000000000000000 0000000000000000
0x00007fff5968e700:   00007fff74c14b50 00007fff5968ec80
0x00007fff5968e710:   0000000000000001 0000000000000100
0x00007fff5968e720:   0000000106587000 00007fff5968eb80
0x00007fff5968e730:   0000000000000000 0000000000000100
0x00007fff5968e740:   0000000000000400 00007fff74d046d0
0x00007fff5968e750:   0000000000000000 00007fff74bd8490
0x00007fff5968e760:   00007fff74d046d0 0000000000000000
0x00007fff5968e770:   00007fff74bd8490 0000000000000410
0x00007fff5968e780:   00007fff5968e7a0 00007fff8cc981b3
0x00007fff5968e790:   000000000074f401 00007fff724012c0
0x00007fff5968e7a0:   000000000074f400 0000000088670f3b 

Instructions: (pc=0x00000001200cd381)
0x00000001200cd361:   48 89 e5 41 56 53 48 8d 05 d2 2a 03 00 48 83 38
0x00000001200cd371:   00 48 89 fb 75 72 48 8d 05 ca 29 03 00 48 8b 30
0x00000001200cd381:   48 8b 03 48 8d 15 7c 99 01 00 48 8d 0d 5e 6f 01
0x00000001200cd391:   00 48 89 df ff 90 88 03 00 00 48 8d 0d 9e 2a 03 

Register to memory mapping:

RAX=0x00000001200ffd48: jScreenClass+0 in /Library/Java/JavaVirtualMachines/jdk1.8.0_25.jdk/Contents/Home/jre/lib/libglass.dylib at 0x00000001200b7000
RBX=0x0000000000000000 is an unknown value
RCX=0x0000000000000103 is an unknown value
RDX=0x0000010000000100 is an unknown value
RSP=0x00007fff5968e5b0 is an unknown value
RBP=0x00007fff5968e5c0 is an unknown value
RSI=0x00007fdc29c1a590 is a global jni handle
RDI=0x0000000000000000 is an unknown value
R8 =0x0000000000000040 is an unknown value
R9 =0x00007fff748b11e0: __sFX+0x1c0 in /usr/lib/system/libsystem_c.dylib at 0x00007fff91a7c000
R10=0xffffffffffffffff is an unknown value
R11=0x0000000000000246 is an unknown value
R12=0x00007fdc29ef6820 is an unknown value
R13=0x00007fdc29d63360 is an unknown value
R14=0x00007fdc29d632a0 is an unknown value
R15=0x0000000000000000 is an unknown value


Stack: [0x00007fff58e93000,0x00007fff59693000],  sp=0x00007fff5968e5b0,  free space=8173k
Native frames: (J=compiled Java code, j=interpreted, Vv=VM code, C=native code)
C  [libglass.dylib+0x16381]  GlassScreenDidChangeScreenParameters+0x21
C  [CoreFoundation+0xa0c9c]  __CFNOTIFICATIONCENTER_IS_CALLING_OUT_TO_AN_OBSERVER__+0xc
C  [CoreFoundation+0xa0c2f]  ___CFXRegistrationPost_block_invoke+0x3f
C  [CoreFoundation+0xa0ba7]  _CFXRegistrationPost+0x197
C  [CoreFoundation+0xa0912]  ___CFXNotificationPost_block_invoke+0x32
C  [CoreFoundation+0x5d6d2]  -[_CFXNotificationRegistrar find:object:observer:enumerator:]+0x782
C  [CoreFoundation+0x5c925]  _CFXNotificationPost+0x2b5
C  [Foundation+0x70fa]  -[NSNotificationCenter postNotificationName:object:userInfo:]+0x42
C  [AppKit+0x41da66]  -[NSApplication _reactToScreenInvalidationImmediately:]+0x17f
C  [AppKit+0x41d8b7]  __44-[NSApplication _reactToScreenInvalidation:]_block_invoke+0x3b
C  [CoreFoundation+0xaa4dc]  __CFRUNLOOP_IS_CALLING_OUT_TO_A_BLOCK__+0xc
C  [CoreFoundation+0x89df5]  __CFRunLoopDoBlocks+0x155
C  [CoreFoundation+0x89b5b]  __CFRunLoopRun+0x92b
C  [CoreFoundation+0x88fc8]  CFRunLoopRunSpecific+0x128
C  [java+0x56cc]  CreateExecutionEnvironment+0x367
C  [java+0x165c]  JLI_Launch+0x7a0
C  [java+0x768a]  main+0x65
C  [java+0xeb4]  start+0x34


---------------  P R O C E S S  ---------------

VM state:not at safepoint (normal execution)

VM Mutex/Monitor currently owned by a thread: None

Heap:
 PSYoungGen      total 38400K, used 3158K [0x0000000795580000, 0x0000000798000000, 0x00000007c0000000)
  eden space 33280K, 9% used [0x0000000795580000,0x0000000795895b90,0x0000000797600000)
  from space 5120K, 0% used [0x0000000797600000,0x0000000797600000,0x0000000797b00000)
  to   space 5120K, 0% used [0x0000000797b00000,0x0000000797b00000,0x0000000798000000)
 ParOldGen       total 70656K, used 9299K [0x0000000740000000, 0x0000000744500000, 0x0000000795580000)
  object space 70656K, 13% used [0x0000000740000000,0x0000000740914c00,0x0000000744500000)
 Metaspace       used 19567K, capacity 21336K, committed 21504K, reserved 1067008K
  class space    used 2952K, capacity 3281K, committed 3328K, reserved 1048576K

Card table byte_map: [0x0000000117321000,0x0000000117722000] byte_map_base: 0x0000000113921000

Marking Bits: (ParMarkBitMap*) 0x000000010789d390
 Begin Bits: [0x00000001179cd000, 0x00000001199cd000)
 End Bits:   [0x00000001199cd000, 0x000000011b9cd000)

Polling page: 0x00000001067fa000

CodeCache: size=245760Kb used=10027Kb max_used=10035Kb free=235732Kb
 bounds [0x0000000107f61000, 0x0000000108941000, 0x0000000116f61000]
 total_blobs=3813 nmethods=3153 adapters=574
 compilation: enabled

Compilation events (10 events):
Event: 9.146 Thread 0x00007fdc2a830000 3521       4       java.util.TaskQueue::rescheduleMin (16 bytes)
Event: 9.151 Thread 0x00007fdc2a830000 nmethod 3521 0x00000001089289d0 code [0x0000000108928b40, 0x0000000108928e78]
Event: 42.022 Thread 0x00007fdc2a039800 3522 % !   3       java.util.TimerThread::mainLoop @ 0 (232 bytes)
Event: 42.023 Thread 0x00007fdc2a039800 nmethod 3522% 0x000000010892a7d0 code [0x000000010892aa60, 0x000000010892bcf8]
Event: 42.703 Thread 0x00007fdc2a039800 3523   !   3       java.util.TimerThread::mainLoop (232 bytes)
Event: 42.704 Thread 0x00007fdc2a039800 nmethod 3523 0x0000000108931810 code [0x0000000108931a80, 0x0000000108932c38]
Event: 44.049 Thread 0x00007fdc2a02e800 3524       4       java.util.TaskQueue::fixDown (108 bytes)
Event: 44.054 Thread 0x00007fdc2a02e800 nmethod 3524 0x000000010892fb50 code [0x000000010892fcc0, 0x00000001089300b8]
Event: 68.726 Thread 0x00007fdc2a830000 3525 % !   4       java.util.TimerThread::mainLoop @ 0 (232 bytes)
Event: 68.742 Thread 0x00007fdc2a830000 nmethod 3525% 0x0000000108939fd0 code [0x000000010893a200, 0x000000010893b3b0]

GC Heap History (8 events):
Event: 1.544 GC heap before
{Heap before GC invocations=1 (full 0):
 PSYoungGen      total 38400K, used 33280K [0x0000000795580000, 0x0000000798000000, 0x00000007c0000000)
  eden space 33280K, 100% used [0x0000000795580000,0x0000000797600000,0x0000000797600000)
  from space 5120K, 0% used [0x0000000797b00000,0x0000000797b00000,0x0000000798000000)
  to   space 5120K, 0% used [0x0000000797600000,0x0000000797600000,0x0000000797b00000)
 ParOldGen       total 87552K, used 0K [0x0000000740000000, 0x0000000745580000, 0x0000000795580000)
  object space 87552K, 0% used [0x0000000740000000,0x0000000740000000,0x0000000745580000)
 Metaspace       used 13383K, capacity 14012K, committed 14336K, reserved 1060864K
  class space    used 2038K, capacity 2189K, committed 2304K, reserved 1048576K
Event: 1.553 GC heap after
Heap after GC invocations=1 (full 0):
 PSYoungGen      total 38400K, used 5104K [0x0000000795580000, 0x0000000798000000, 0x00000007c0000000)
  eden space 33280K, 0% used [0x0000000795580000,0x0000000795580000,0x0000000797600000)
  from space 5120K, 99% used [0x0000000797600000,0x0000000797afc1b0,0x0000000797b00000)
  to   space 5120K, 0% used [0x0000000797b00000,0x0000000797b00000,0x0000000798000000)
 ParOldGen       total 87552K, used 49K [0x0000000740000000, 0x0000000745580000, 0x0000000795580000)
  object space 87552K, 0% used [0x0000000740000000,0x000000074000c7c8,0x0000000745580000)
 Metaspace       used 13383K, capacity 14012K, committed 14336K, reserved 1060864K
  class space    used 2038K, capacity 2189K, committed 2304K, reserved 1048576K
}
Event: 4.872 GC heap before
{Heap before GC invocations=2 (full 0):
 PSYoungGen      total 38400K, used 38384K [0x0000000795580000, 0x0000000798000000, 0x00000007c0000000)
  eden space 33280K, 100% used [0x0000000795580000,0x0000000797600000,0x0000000797600000)
  from space 5120K, 99% used [0x0000000797600000,0x0000000797afc1b0,0x0000000797b00000)
  to   space 5120K, 0% used [0x0000000797b00000,0x0000000797b00000,0x0000000798000000)
 ParOldGen       total 87552K, used 49K [0x0000000740000000, 0x0000000745580000, 0x0000000795580000)
  object space 87552K, 0% used [0x0000000740000000,0x000000074000c7c8,0x0000000745580000)
 Metaspace       used 19191K, capacity 20908K, committed 20992K, reserved 1067008K
  class space    used 2947K, capacity 3275K, committed 3328K, reserved 1048576K
Event: 4.905 GC heap after
Heap after GC invocations=2 (full 0):
 PSYoungGen      total 38400K, used 5104K [0x0000000795580000, 0x0000000798000000, 0x00000007c0000000)
  eden space 33280K, 0% used [0x0000000795580000,0x0000000795580000,0x0000000797600000)
  from space 5120K, 99% used [0x0000000797b00000,0x0000000797ffc040,0x0000000798000000)
  to   space 5120K, 0% used [0x0000000797600000,0x0000000797600000,0x0000000797b00000)
 ParOldGen       total 87552K, used 8032K [0x0000000740000000, 0x0000000745580000, 0x0000000795580000)
  object space 87552K, 9% used [0x0000000740000000,0x00000007407d8370,0x0000000745580000)
 Metaspace       used 19191K, capacity 20908K, committed 20992K, reserved 1067008K
  class space    used 2947K, capacity 3275K, committed 3328K, reserved 1048576K
}
Event: 6.528 GC heap before
{Heap before GC invocations=3 (full 0):
 PSYoungGen      total 38400K, used 11628K [0x0000000795580000, 0x0000000798000000, 0x00000007c0000000)
  eden space 33280K, 19% used [0x0000000795580000,0x0000000795bdf278,0x0000000797600000)
  from space 5120K, 99% used [0x0000000797b00000,0x0000000797ffc040,0x0000000798000000)
  to   space 5120K, 0% used [0x0000000797600000,0x0000000797600000,0x0000000797b00000)
 ParOldGen       total 87552K, used 8032K [0x0000000740000000, 0x0000000745580000, 0x0000000795580000)
  object space 87552K, 9% used [0x0000000740000000,0x00000007407d8370,0x0000000745580000)
 Metaspace       used 19507K, capacity 21180K, committed 21248K, reserved 1067008K
  class space    used 2947K, capacity 3275K, committed 3328K, reserved 1048576K
Event: 6.548 GC heap after
Heap after GC invocations=3 (full 0):
 PSYoungGen      total 38400K, used 5088K [0x0000000795580000, 0x0000000798000000, 0x00000007c0000000)
  eden space 33280K, 0% used [0x0000000795580000,0x0000000795580000,0x0000000797600000)
  from space 5120K, 99% used [0x0000000797600000,0x0000000797af8030,0x0000000797b00000)
  to   space 5120K, 0% used [0x0000000797b00000,0x0000000797b00000,0x0000000798000000)
 ParOldGen       total 87552K, used 8096K [0x0000000740000000, 0x0000000745580000, 0x0000000795580000)
  object space 87552K, 9% used [0x0000000740000000,0x00000007407e8370,0x0000000745580000)
 Metaspace       used 19507K, capacity 21180K, committed 21248K, reserved 1067008K
  class space    used 2947K, capacity 3275K, committed 3328K, reserved 1048576K
}
Event: 6.548 GC heap before
{Heap before GC invocations=4 (full 1):
 PSYoungGen      total 38400K, used 5088K [0x0000000795580000, 0x0000000798000000, 0x00000007c0000000)
  eden space 33280K, 0% used [0x0000000795580000,0x0000000795580000,0x0000000797600000)
  from space 5120K, 99% used [0x0000000797600000,0x0000000797af8030,0x0000000797b00000)
  to   space 5120K, 0% used [0x0000000797b00000,0x0000000797b00000,0x0000000798000000)
 ParOldGen       total 87552K, used 8096K [0x0000000740000000, 0x0000000745580000, 0x0000000795580000)
  object space 87552K, 9% used [0x0000000740000000,0x00000007407e8370,0x0000000745580000)
 Metaspace       used 19507K, capacity 21180K, committed 21248K, reserved 1067008K
  class space    used 2947K, capacity 3275K, committed 3328K, reserved 1048576K
Event: 6.613 GC heap after
Heap after GC invocations=4 (full 1):
 PSYoungGen      total 38400K, used 0K [0x0000000795580000, 0x0000000798000000, 0x00000007c0000000)
  eden space 33280K, 0% used [0x0000000795580000,0x0000000795580000,0x0000000797600000)
  from space 5120K, 0% used [0x0000000797600000,0x0000000797600000,0x0000000797b00000)
  to   space 5120K, 0% used [0x0000000797b00000,0x0000000797b00000,0x0000000798000000)
 ParOldGen       total 70656K, used 9299K [0x0000000740000000, 0x0000000744500000, 0x0000000795580000)
  object space 70656K, 13% used [0x0000000740000000,0x0000000740914c00,0x0000000744500000)
 Metaspace       used 19505K, capacity 21178K, committed 21248K, reserved 1067008K
  class space    used 2947K, capacity 3274K, committed 3328K, reserved 1048576K
}

Deoptimization events (10 events):
Event: 2.467 Thread 0x00007fdc2b1eb000 Uncommon trap: reason=bimorphic action=maybe_recompile pc=0x0000000108553a8c method=javafx.scene.Node.updateLocalToParentTransform()V @ 11
Event: 2.742 Thread 0x00007fdc2b1eb000 Uncommon trap: reason=bimorphic action=maybe_recompile pc=0x0000000108553a8c method=javafx.scene.Node.updateLocalToParentTransform()V @ 11
Event: 2.793 Thread 0x00007fdc2b1eb000 Uncommon trap: reason=bimorphic action=maybe_recompile pc=0x0000000108553a8c method=javafx.scene.Node.updateLocalToParentTransform()V @ 11
Event: 2.808 Thread 0x00007fdc2b1eb000 Uncommon trap: reason=bimorphic action=maybe_recompile pc=0x0000000108553a8c method=javafx.scene.Node.updateLocalToParentTransform()V @ 11
Event: 4.907 Thread 0x00007fdc2b1eb000 Uncommon trap: reason=null_check action=make_not_entrant pc=0x00000001087e1a6c method=com.sun.javafx.binding.BindingHelperObserver.invalidated(Ljavafx/beans/Observable;)V @ 7
Event: 4.911 Thread 0x00007fdc2b1eb000 Uncommon trap: reason=class_check action=maybe_recompile pc=0x00000001088622b4 method=com.sun.javafx.binding.BindingHelperObserver.invalidated(Ljavafx/beans/Observable;)V @ 17
Event: 4.911 Thread 0x00007fdc2b1eb000 Uncommon trap: reason=class_check action=maybe_recompile pc=0x00000001088622b4 method=com.sun.javafx.binding.BindingHelperObserver.invalidated(Ljavafx/beans/Observable;)V @ 17
Event: 4.911 Thread 0x00007fdc2b1eb000 Uncommon trap: reason=class_check action=maybe_recompile pc=0x00000001088622b4 method=com.sun.javafx.binding.BindingHelperObserver.invalidated(Ljavafx/beans/Observable;)V @ 17
Event: 4.911 Thread 0x00007fdc2b1eb000 Uncommon trap: reason=class_check action=maybe_recompile pc=0x00000001088622b4 method=com.sun.javafx.binding.BindingHelperObserver.invalidated(Ljavafx/beans/Observable;)V @ 17
Event: 6.625 Thread 0x00007fdc2b1eb000 Uncommon trap: reason=unreached action=reinterpret pc=0x00000001088c5884 method=javafx.scene.CssStyleHelper.transitionToState(Ljavafx/scene/Node;)V @ 130

Internal exceptions (10 events):
Event: 2.163 Thread 0x00007fdc2b1eb000 Exception <a 'java/security/PrivilegedActionException'> (0x00000007968321f8) thrown at [/HUDSON3/workspace/8-2-build-macosx-x86_64/jdk8u25/1514/hotspot/src/share/vm/prims/jvm.cpp, line 1312]
Event: 2.163 Thread 0x00007fdc2b1eb000 Exception <a 'java/security/PrivilegedActionException'> (0x0000000796839c88) thrown at [/HUDSON3/workspace/8-2-build-macosx-x86_64/jdk8u25/1514/hotspot/src/share/vm/prims/jvm.cpp, line 1312]
Event: 2.163 Thread 0x00007fdc2b1eb000 Exception <a 'java/security/PrivilegedActionException'> (0x0000000796841710) thrown at [/HUDSON3/workspace/8-2-build-macosx-x86_64/jdk8u25/1514/hotspot/src/share/vm/prims/jvm.cpp, line 1312]
Event: 2.165 Thread 0x00007fdc2b1eb000 Exception <a 'java/security/PrivilegedActionException'> (0x00000007968505b8) thrown at [/HUDSON3/workspace/8-2-build-macosx-x86_64/jdk8u25/1514/hotspot/src/share/vm/prims/jvm.cpp, line 1312]
Event: 2.168 Thread 0x00007fdc2b1eb000 Exception <a 'java/security/PrivilegedActionException'> (0x0000000796872ff8) thrown at [/HUDSON3/workspace/8-2-build-macosx-x86_64/jdk8u25/1514/hotspot/src/share/vm/prims/jvm.cpp, line 1312]
Event: 2.172 Thread 0x00007fdc2b1eb000 Exception <a 'java/security/PrivilegedActionException'> (0x0000000796892e18) thrown at [/HUDSON3/workspace/8-2-build-macosx-x86_64/jdk8u25/1514/hotspot/src/share/vm/prims/jvm.cpp, line 1312]
Event: 2.173 Thread 0x00007fdc2b1eb000 Exception <a 'java/security/PrivilegedActionException'> (0x000000079689be08) thrown at [/HUDSON3/workspace/8-2-build-macosx-x86_64/jdk8u25/1514/hotspot/src/share/vm/prims/jvm.cpp, line 1312]
Event: 2.194 Thread 0x00007fdc2b1eb000 Exception <a 'java/lang/NoSuchMethodError': java.lang.Object.lambda$minYProperty$2(Ljava/lang/Number;Ljavafx/geometry/Bounds;)Ljava/lang/Double;> (0x00000007968fefe8) thrown at [/HUDSON3/workspace/8-2-build-macosx-x86_64/jdk8u25/1514/hotspot/src/share/vm/
Event: 2.448 Thread 0x00007fdc2b1eb000 Exception <a 'java/security/PrivilegedActionException'> (0x0000000796a774d8) thrown at [/HUDSON3/workspace/8-2-build-macosx-x86_64/jdk8u25/1514/hotspot/src/share/vm/prims/jvm.cpp, line 1312]
Event: 4.907 Thread 0x00007fdc2b1eb000 Implicit null exception at 0x00000001087e19d8 to 0x00000001087e1a59

Events (10 events):
Event: 7.771 loading class com/sun/javafx/tk/quantum/QuantumToolkit
Event: 7.771 loading class com/sun/javafx/tk/quantum/QuantumToolkit done
Event: 7.771 Thread 0x00007fdc2a09f800 Thread exited: 0x00007fdc2a09f800
Event: 7.771 Thread 0x00007fdc2a004000 Thread exited: 0x00007fdc2a004000
Event: 7.771 Thread 0x00007fdc2a004000 Thread added: 0x00007fdc2a004000
Event: 7.771 Thread 0x00007fdc2b1eb000 Thread exited: 0x00007fdc2b1eb000
Event: 7.771 Thread 0x00007fdc2b1d1800 Thread exited: 0x00007fdc2b1d1800
Event: 7.785 Thread 0x00007fdc2a141800 Thread exited: 0x00007fdc2a141800
Event: 74.233 Thread 0x00007fdc2b7f6000 DEOPT PACKING pc=0x000000010892bb26 sp=0x0000700001864810
Event: 74.233 Thread 0x00007fdc2b7f6000 DEOPT UNPACKING pc=0x0000000107fa8373 sp=0x00007000018645a0 mode 0


Dynamic libraries:
0x000000000129f000 	/System/Library/Frameworks/Cocoa.framework/Versions/A/Cocoa
0x000000000129f000 	/System/Library/Frameworks/Security.framework/Versions/A/Security
0x000000000129f000 	/System/Library/Frameworks/ApplicationServices.framework/Versions/A/ApplicationServices
0x000000000129f000 	/usr/lib/libz.1.dylib
0x000000000129f000 	/usr/lib/libSystem.B.dylib
0x000000000129f000 	/usr/lib/libobjc.A.dylib
0x000000000129f000 	/System/Library/Frameworks/CoreFoundation.framework/Versions/A/CoreFoundation
0x000000000129f000 	/System/Library/Frameworks/Foundation.framework/Versions/C/Foundation
0x000000000129f000 	/System/Library/Frameworks/AppKit.framework/Versions/C/AppKit
0x000000000129f000 	/System/Library/Frameworks/CoreData.framework/Versions/A/CoreData
0x000000000129f000 	/System/Library/PrivateFrameworks/RemoteViewServices.framework/Versions/A/RemoteViewServices
0x000000000129f000 	/System/Library/PrivateFrameworks/UIFoundation.framework/Versions/A/UIFoundation
0x000000000129f000 	/usr/lib/libScreenReader.dylib
0x000000000129f000 	/System/Library/Frameworks/Accelerate.framework/Versions/A/Accelerate
0x000000000129f000 	/System/Library/Frameworks/IOSurface.framework/Versions/A/IOSurface
0x000000000129f000 	/System/Library/Frameworks/AudioToolbox.framework/Versions/A/AudioToolbox
0x000000000129f000 	/System/Library/Frameworks/AudioUnit.framework/Versions/A/AudioUnit
0x000000000129f000 	/System/Library/PrivateFrameworks/DataDetectorsCore.framework/Versions/A/DataDetectorsCore
0x000000000129f000 	/System/Library/PrivateFrameworks/DesktopServicesPriv.framework/Versions/A/DesktopServicesPriv
0x000000000129f000 	/System/Library/Frameworks/Carbon.framework/Versions/A/Frameworks/HIToolbox.framework/Versions/A/HIToolbox
0x000000000129f000 	/System/Library/Frameworks/QuartzCore.framework/Versions/A/QuartzCore
0x000000000129f000 	/System/Library/Frameworks/Carbon.framework/Versions/A/Frameworks/SpeechRecognition.framework/Versions/A/SpeechRecognition
0x000000000129f000 	/usr/lib/libauto.dylib
0x000000000129f000 	/usr/lib/libicucore.A.dylib
0x000000000129f000 	/usr/lib/libxml2.2.dylib
0x000000000129f000 	/System/Library/PrivateFrameworks/CoreUI.framework/Versions/A/CoreUI
0x000000000129f000 	/System/Library/Frameworks/CoreAudio.framework/Versions/A/CoreAudio
0x000000000129f000 	/System/Library/Frameworks/DiskArbitration.framework/Versions/A/DiskArbitration
0x000000000129f000 	/usr/lib/liblangid.dylib
0x000000000129f000 	/System/Library/PrivateFrameworks/MultitouchSupport.framework/Versions/A/MultitouchSupport
0x000000000129f000 	/System/Library/Frameworks/IOKit.framework/Versions/A/IOKit
0x000000000129f000 	/usr/lib/libDiagnosticMessagesClient.dylib
0x000000000129f000 	/System/Library/Frameworks/CoreServices.framework/Versions/A/CoreServices
0x000000000129f000 	/System/Library/PrivateFrameworks/PerformanceAnalysis.framework/Versions/A/PerformanceAnalysis
0x000000000129f000 	/System/Library/PrivateFrameworks/GenerationalStorage.framework/Versions/A/GenerationalStorage
0x000000000129f000 	/System/Library/Frameworks/OpenGL.framework/Versions/A/OpenGL
0x000000000129f000 	/System/Library/PrivateFrameworks/Sharing.framework/Versions/A/Sharing
0x000000000129f000 	/System/Library/Frameworks/CoreGraphics.framework/Versions/A/CoreGraphics
0x000000000129f000 	/System/Library/Frameworks/CoreImage.framework/Versions/A/CoreImage
0x000000000129f000 	/System/Library/Frameworks/CoreText.framework/Versions/A/CoreText
0x000000000129f000 	/System/Library/Frameworks/ImageIO.framework/Versions/A/ImageIO
0x000000000129f000 	/System/Library/PrivateFrameworks/Backup.framework/Versions/A/Backup
0x000000000129f000 	/usr/lib/libextension.dylib
0x000000000129f000 	/usr/lib/libarchive.2.dylib
0x000000000129f000 	/System/Library/Frameworks/CFNetwork.framework/Versions/A/CFNetwork
0x000000000129f000 	/System/Library/Frameworks/SystemConfiguration.framework/Versions/A/SystemConfiguration
0x000000000129f000 	/usr/lib/libCRFSuite.dylib
0x000000000129f000 	/usr/lib/libc++.1.dylib
0x000000000129f000 	/usr/lib/libc++abi.dylib
0x000000000129f000 	/usr/lib/system/libcache.dylib
0x000000000129f000 	/usr/lib/system/libcommonCrypto.dylib
0x000000000129f000 	/usr/lib/system/libcompiler_rt.dylib
0x000000000129f000 	/usr/lib/system/libcopyfile.dylib
0x000000000129f000 	/usr/lib/system/libcorecrypto.dylib
0x000000000129f000 	/usr/lib/system/libdispatch.dylib
0x000000000129f000 	/usr/lib/system/libdyld.dylib
0x000000000129f000 	/usr/lib/system/libkeymgr.dylib
0x000000000129f000 	/usr/lib/system/liblaunch.dylib
0x000000000129f000 	/usr/lib/system/libmacho.dylib
0x000000000129f000 	/usr/lib/system/libquarantine.dylib
0x000000000129f000 	/usr/lib/system/libremovefile.dylib
0x000000000129f000 	/usr/lib/system/libsystem_asl.dylib
0x000000000129f000 	/usr/lib/system/libsystem_blocks.dylib
0x000000000129f000 	/usr/lib/system/libsystem_c.dylib
0x000000000129f000 	/usr/lib/system/libsystem_configuration.dylib
0x000000000129f000 	/usr/lib/system/libsystem_coreservices.dylib
0x000000000129f000 	/usr/lib/system/libsystem_coretls.dylib
0x000000000129f000 	/usr/lib/system/libsystem_dnssd.dylib
0x000000000129f000 	/usr/lib/system/libsystem_info.dylib
0x000000000129f000 	/usr/lib/system/libsystem_kernel.dylib
0x000000000129f000 	/usr/lib/system/libsystem_m.dylib
0x000000000129f000 	/usr/lib/system/libsystem_malloc.dylib
0x000000000129f000 	/usr/lib/system/libsystem_network.dylib
0x000000000129f000 	/usr/lib/system/libsystem_networkextension.dylib
0x000000000129f000 	/usr/lib/system/libsystem_notify.dylib
0x000000000129f000 	/usr/lib/system/libsystem_platform.dylib
0x000000000129f000 	/usr/lib/system/libsystem_pthread.dylib
0x000000000129f000 	/usr/lib/system/libsystem_sandbox.dylib
0x000000000129f000 	/usr/lib/system/libsystem_secinit.dylib
0x000000000129f000 	/usr/lib/system/libsystem_trace.dylib
0x000000000129f000 	/usr/lib/system/libunc.dylib
0x000000000129f000 	/usr/lib/system/libunwind.dylib
0x000000000129f000 	/usr/lib/system/libxpc.dylib
0x000000000129f000 	/usr/lib/libenergytrace.dylib
0x000000000129f000 	/usr/lib/libbsm.0.dylib
0x000000000129f000 	/usr/lib/system/libkxld.dylib
0x000000000129f000 	/usr/lib/libxar.1.dylib
0x000000000129f000 	/usr/lib/libsqlite3.dylib
0x000000000129f000 	/usr/lib/libpam.2.dylib
0x000000000129f000 	/usr/lib/libOpenScriptingUtil.dylib
0x000000000129f000 	/usr/lib/libbz2.1.0.dylib
0x000000000129f000 	/usr/lib/liblzma.5.dylib
0x000000000129f000 	/System/Library/Frameworks/CoreServices.framework/Versions/A/Frameworks/FSEvents.framework/Versions/A/FSEvents
0x000000000129f000 	/System/Library/Frameworks/CoreServices.framework/Versions/A/Frameworks/CarbonCore.framework/Versions/A/CarbonCore
0x000000000129f000 	/System/Library/Frameworks/CoreServices.framework/Versions/A/Frameworks/Metadata.framework/Versions/A/Metadata
0x000000000129f000 	/System/Library/Frameworks/CoreServices.framework/Versions/A/Frameworks/OSServices.framework/Versions/A/OSServices
0x000000000129f000 	/System/Library/Frameworks/CoreServices.framework/Versions/A/Frameworks/SearchKit.framework/Versions/A/SearchKit
0x000000000129f000 	/System/Library/Frameworks/CoreServices.framework/Versions/A/Frameworks/AE.framework/Versions/A/AE
0x000000000129f000 	/System/Library/Frameworks/CoreServices.framework/Versions/A/Frameworks/LaunchServices.framework/Versions/A/LaunchServices
0x000000000129f000 	/System/Library/Frameworks/CoreServices.framework/Versions/A/Frameworks/DictionaryServices.framework/Versions/A/DictionaryServices
0x000000000129f000 	/System/Library/Frameworks/CoreServices.framework/Versions/A/Frameworks/SharedFileList.framework/Versions/A/SharedFileList
0x000000000129f000 	/System/Library/Frameworks/NetFS.framework/Versions/A/NetFS
0x000000000129f000 	/System/Library/PrivateFrameworks/NetAuth.framework/Versions/A/NetAuth
0x000000000129f000 	/System/Library/PrivateFrameworks/login.framework/Versions/A/Frameworks/loginsupport.framework/Versions/A/loginsupport
0x000000000129f000 	/System/Library/PrivateFrameworks/TCC.framework/Versions/A/TCC
0x000000000129f000 	/usr/lib/libmecabra.dylib
0x000000000129f000 	/System/Library/Frameworks/ApplicationServices.framework/Versions/A/Frameworks/ATS.framework/Versions/A/ATS
0x000000000129f000 	/System/Library/Frameworks/ApplicationServices.framework/Versions/A/Frameworks/ColorSync.framework/Versions/A/ColorSync
0x000000000129f000 	/System/Library/Frameworks/ApplicationServices.framework/Versions/A/Frameworks/HIServices.framework/Versions/A/HIServices
0x000000000129f000 	/System/Library/Frameworks/ApplicationServices.framework/Versions/A/Frameworks/LangAnalysis.framework/Versions/A/LangAnalysis
0x000000000129f000 	/System/Library/Frameworks/ApplicationServices.framework/Versions/A/Frameworks/PrintCore.framework/Versions/A/PrintCore
0x000000000129f000 	/System/Library/Frameworks/ApplicationServices.framework/Versions/A/Frameworks/QD.framework/Versions/A/QD
0x000000000129f000 	/System/Library/Frameworks/ApplicationServices.framework/Versions/A/Frameworks/SpeechSynthesis.framework/Versions/A/SpeechSynthesis
0x000000000129f000 	/System/Library/Frameworks/Metal.framework/Versions/A/Metal
0x000000000129f000 	/System/Library/Frameworks/Accelerate.framework/Versions/A/Frameworks/vImage.framework/Versions/A/vImage
0x000000000129f000 	/System/Library/Frameworks/Accelerate.framework/Versions/A/Frameworks/vecLib.framework/Versions/A/vecLib
0x000000000129f000 	/System/Library/Frameworks/Accelerate.framework/Versions/A/Frameworks/vecLib.framework/Versions/A/libvDSP.dylib
0x000000000129f000 	/System/Library/Frameworks/Accelerate.framework/Versions/A/Frameworks/vecLib.framework/Versions/A/libvMisc.dylib
0x000000000129f000 	/System/Library/Frameworks/Accelerate.framework/Versions/A/Frameworks/vecLib.framework/Versions/A/libLAPACK.dylib
0x000000000129f000 	/System/Library/Frameworks/Accelerate.framework/Versions/A/Frameworks/vecLib.framework/Versions/A/libBLAS.dylib
0x000000000129f000 	/System/Library/Frameworks/Accelerate.framework/Versions/A/Frameworks/vecLib.framework/Versions/A/libLinearAlgebra.dylib
0x000000000129f000 	/System/Library/Frameworks/Accelerate.framework/Versions/A/Frameworks/vecLib.framework/Versions/A/libSparseBLAS.dylib
0x000000000129f000 	/System/Library/PrivateFrameworks/GPUCompiler.framework/libmetal_timestamp.dylib
0x000000000129f000 	/System/Library/Frameworks/OpenGL.framework/Versions/A/Libraries/libCoreFSCache.dylib
0x000000000129f000 	/System/Library/PrivateFrameworks/IOAccelerator.framework/Versions/A/IOAccelerator
0x000000000129f000 	/System/Library/Frameworks/ApplicationServices.framework/Versions/A/Frameworks/ATS.framework/Versions/A/Resources/libFontParser.dylib
0x000000000129f000 	/System/Library/Frameworks/ApplicationServices.framework/Versions/A/Frameworks/ATS.framework/Versions/A/Resources/libFontRegistry.dylib
0x000000000129f000 	/System/Library/PrivateFrameworks/AppleVPA.framework/Versions/A/AppleVPA
0x000000000129f000 	/System/Library/PrivateFrameworks/AppleJPEG.framework/Versions/A/AppleJPEG
0x000000000129f000 	/System/Library/Frameworks/ImageIO.framework/Versions/A/Resources/libJPEG.dylib
0x000000000129f000 	/System/Library/Frameworks/ImageIO.framework/Versions/A/Resources/libTIFF.dylib
0x000000000129f000 	/System/Library/Frameworks/ImageIO.framework/Versions/A/Resources/libPng.dylib
0x000000000129f000 	/System/Library/Frameworks/ImageIO.framework/Versions/A/Resources/libGIF.dylib
0x000000000129f000 	/System/Library/Frameworks/ImageIO.framework/Versions/A/Resources/libJP2.dylib
0x000000000129f000 	/System/Library/Frameworks/ImageIO.framework/Versions/A/Resources/libRadiance.dylib
0x000000000129f000 	/System/Library/Frameworks/CoreVideo.framework/Versions/A/CoreVideo
0x000000000129f000 	/System/Library/Frameworks/OpenGL.framework/Versions/A/Libraries/libGLU.dylib
0x000000000129f000 	/System/Library/Frameworks/OpenGL.framework/Versions/A/Libraries/libGFXShared.dylib
0x000000000129f000 	/System/Library/Frameworks/OpenGL.framework/Versions/A/Libraries/libGL.dylib
0x000000000129f000 	/System/Library/Frameworks/OpenGL.framework/Versions/A/Libraries/libGLImage.dylib
0x000000000129f000 	/System/Library/Frameworks/OpenGL.framework/Versions/A/Libraries/libCVMSPluginSupport.dylib
0x000000000129f000 	/System/Library/Frameworks/OpenGL.framework/Versions/A/Libraries/libCoreVMClient.dylib
0x000000000129f000 	/usr/lib/libcups.2.dylib
0x000000000129f000 	/System/Library/Frameworks/Kerberos.framework/Versions/A/Kerberos
0x000000000129f000 	/System/Library/Frameworks/GSS.framework/Versions/A/GSS
0x000000000129f000 	/usr/lib/libresolv.9.dylib
0x000000000129f000 	/usr/lib/libiconv.2.dylib
0x000000000129f000 	/System/Library/PrivateFrameworks/Heimdal.framework/Versions/A/Heimdal
0x000000000129f000 	/usr/lib/libheimdal-asn1.dylib
0x000000000129f000 	/System/Library/Frameworks/OpenDirectory.framework/Versions/A/OpenDirectory
0x000000000129f000 	/System/Library/PrivateFrameworks/CommonAuth.framework/Versions/A/CommonAuth
0x000000000129f000 	/System/Library/Frameworks/OpenDirectory.framework/Versions/A/Frameworks/CFOpenDirectory.framework/Versions/A/CFOpenDirectory
0x000000000129f000 	/System/Library/Frameworks/SecurityFoundation.framework/Versions/A/SecurityFoundation
0x000000000129f000 	/System/Library/PrivateFrameworks/LanguageModeling.framework/Versions/A/LanguageModeling
0x000000000129f000 	/usr/lib/libmarisa.dylib
0x000000000129f000 	/usr/lib/libChineseTokenizer.dylib
0x000000000129f000 	/usr/lib/libcmph.dylib
0x000000000129f000 	/usr/lib/libcompression.dylib
0x000000000129f000 	/System/Library/Frameworks/ServiceManagement.framework/Versions/A/ServiceManagement
0x000000000129f000 	/usr/lib/libxslt.1.dylib
0x000000000129f000 	/System/Library/Frameworks/Carbon.framework/Versions/A/Frameworks/Ink.framework/Versions/A/Ink
0x000000000129f000 	/usr/lib/libFosl_dynamic.dylib
0x000000000129f000 	/System/Library/PrivateFrameworks/FaceCore.framework/Versions/A/FaceCore
0x000000000129f000 	/System/Library/Frameworks/OpenCL.framework/Versions/A/OpenCL
0x000000000129f000 	/System/Library/PrivateFrameworks/CrashReporterSupport.framework/Versions/A/CrashReporterSupport
0x000000000129f000 	/System/Library/PrivateFrameworks/IconServices.framework/Versions/A/IconServices
0x000000000129f000 	/System/Library/PrivateFrameworks/Apple80211.framework/Versions/A/Apple80211
0x000000000129f000 	/System/Library/Frameworks/CoreWLAN.framework/Versions/A/CoreWLAN
0x000000000129f000 	/System/Library/Frameworks/IOBluetooth.framework/Versions/A/IOBluetooth
0x000000000129f000 	/System/Library/PrivateFrameworks/CoreWiFi.framework/Versions/A/CoreWiFi
0x000000000129f000 	/System/Library/Frameworks/CoreBluetooth.framework/Versions/A/CoreBluetooth
0x000000000129f000 	/System/Library/PrivateFrameworks/ChunkingLibrary.framework/Versions/A/ChunkingLibrary
0x000000000129f000 	/System/Library/PrivateFrameworks/DebugSymbols.framework/Versions/A/DebugSymbols
0x000000000129f000 	/System/Library/PrivateFrameworks/CoreSymbolication.framework/Versions/A/CoreSymbolication
0x000000000129f000 	/System/Library/PrivateFrameworks/Symbolication.framework/Versions/A/Symbolication
0x000000000129f000 	/System/Library/PrivateFrameworks/SpeechRecognitionCore.framework/Versions/A/SpeechRecognitionCore
0x0000000107000000 	/Library/Java/JavaVirtualMachines/jdk1.8.0_25.jdk/Contents/Home/jre/lib/server/libjvm.dylib
0x000000000129f000 	/usr/lib/libstdc++.6.dylib
0x00000001067ec000 	/Library/Java/JavaVirtualMachines/jdk1.8.0_25.jdk/Contents/Home/jre/lib/libverify.dylib
0x0000000107f1c000 	/Library/Java/JavaVirtualMachines/jdk1.8.0_25.jdk/Contents/Home/jre/lib/libjava.dylib
0x0000000107f58000 	/Library/Java/JavaVirtualMachines/jdk1.8.0_25.jdk/Contents/Home/jre/lib/libzip.dylib
0x000000011d8c0000 	/System/Library/Frameworks/JavaVM.framework/Frameworks/JavaRuntimeSupport.framework/JavaRuntimeSupport
0x000000011d8db000 	/System/Library/Frameworks/JavaVM.framework/Versions/A/Frameworks/JavaNativeFoundation.framework/Versions/A/JavaNativeFoundation
0x000000011d8f0000 	/System/Library/Frameworks/JavaVM.framework/Versions/A/JavaVM
0x000000000129f000 	/System/Library/Frameworks/Carbon.framework/Versions/A/Carbon
0x000000011d8fd000 	/System/Library/PrivateFrameworks/JavaLaunching.framework/Versions/A/JavaLaunching
0x000000000129f000 	/System/Library/Frameworks/Carbon.framework/Versions/A/Frameworks/CommonPanels.framework/Versions/A/CommonPanels
0x000000000129f000 	/System/Library/Frameworks/Carbon.framework/Versions/A/Frameworks/Help.framework/Versions/A/Help
0x000000000129f000 	/System/Library/Frameworks/Carbon.framework/Versions/A/Frameworks/ImageCapture.framework/Versions/A/ImageCapture
0x000000000129f000 	/System/Library/Frameworks/Carbon.framework/Versions/A/Frameworks/OpenScripting.framework/Versions/A/OpenScripting
0x000000000129f000 	/System/Library/Frameworks/Carbon.framework/Versions/A/Frameworks/Print.framework/Versions/A/Print
0x000000000129f000 	/System/Library/Frameworks/Carbon.framework/Versions/A/Frameworks/SecurityHI.framework/Versions/A/SecurityHI
0x000000011f3b9000 	/Applications/IntelliJ IDEA 14.app/Contents/bin/libbreakgen64.jnilib
0x000000011f448000 	/Library/Java/JavaVirtualMachines/jdk1.8.0_25.jdk/Contents/Home/jre/lib/libnet.dylib
0x000000011f4a7000 	/Library/Java/JavaVirtualMachines/jdk1.8.0_25.jdk/Contents/Home/jre/lib/libprism_es2.dylib
0x000000000129f000 	/System/Library/Frameworks/OpenGL.framework/Versions/A/Resources/GLEngine.bundle/GLEngine
0x000000000129f000 	/System/Library/Frameworks/OpenGL.framework/Versions/A/Libraries/libGLProgrammability.dylib
0x000000011f528000 	/System/Library/Extensions/AppleIntelHD5000GraphicsGLDriver.bundle/Contents/MacOS/AppleIntelHD5000GraphicsGLDriver
0x000000000129f000 	/System/Library/PrivateFrameworks/GPUSupport.framework/Versions/A/Libraries/libGPUSupportMercury.dylib
0x000000000129f000 	/System/Library/Frameworks/OpenGL.framework/Versions/A/Resources/GLRendererFloat.bundle/GLRendererFloat
0x000000000129f000 	/System/Library/Frameworks/OpenCL.framework/Versions/A/Libraries/libcldcpuengine.dylib
0x000000000129f000 	/System/Library/PrivateFrameworks/DiskImages.framework/Versions/A/DiskImages
0x000000000129f000 	/System/Library/Frameworks/DiscRecording.framework/Versions/A/DiscRecording
0x000000000129f000 	/usr/lib/libcsfde.dylib
0x000000000129f000 	/usr/lib/libcurl.4.dylib
0x000000000129f000 	/System/Library/PrivateFrameworks/MediaKit.framework/Versions/A/MediaKit
0x000000000129f000 	/System/Library/PrivateFrameworks/ProtectedCloudStorage.framework/Versions/A/ProtectedCloudStorage
0x000000000129f000 	/usr/lib/libCoreStorage.dylib
0x000000000129f000 	/System/Library/PrivateFrameworks/EFILogin.framework/Versions/A/EFILogin
0x000000000129f000 	/usr/lib/libutil.dylib
0x000000000129f000 	/System/Library/PrivateFrameworks/FindMyDevice.framework/Versions/A/FindMyDevice
0x000000000129f000 	/System/Library/Frameworks/LDAP.framework/Versions/A/LDAP
0x000000000129f000 	/usr/lib/libsasl2.2.dylib
0x000000000129f000 	/System/Library/PrivateFrameworks/CoreDaemon.framework/Versions/B/CoreDaemon
0x000000000129f000 	/usr/lib/libcrypto.0.9.8.dylib
0x000000000129f000 	/System/Library/PrivateFrameworks/AppleSRP.framework/Versions/A/AppleSRP
0x000000000129f000 	/System/Library/PrivateFrameworks/TrustEvaluationAgent.framework/Versions/A/TrustEvaluationAgent
0x00000001200b7000 	/Library/Java/JavaVirtualMachines/jdk1.8.0_25.jdk/Contents/Home/jre/lib/libglass.dylib
0x000000000129f000 	/System/Library/PrivateFrameworks/CoreServicesInternal.framework/Versions/A/CoreServicesInternal
0x000000000129f000 	/System/Library/CoreServices/RawCamera.bundle/Contents/MacOS/RawCamera
0x000000000129f000 	/System/Library/Frameworks/CoreGraphics.framework/Versions/A/Resources/libRIP.A.dylib
0x000000000129f000 	/System/Library/Frameworks/Accelerate.framework/Versions/A/Frameworks/vImage.framework/Versions/A/Libraries/libCGInterfaces.dylib
0x000000000129f000 	/System/Library/PrivateFrameworks/FamilyControls.framework/Versions/A/FamilyControls
0x000000000129f000 	/System/Library/PrivateFrameworks/CommerceKit.framework/Versions/A/Frameworks/CommerceCore.framework/Versions/A/CommerceCore
0x000000000129f000 	/System/Library/PrivateFrameworks/SystemAdministration.framework/Versions/A/SystemAdministration
0x000000000129f000 	/System/Library/PrivateFrameworks/AppContainer.framework/Versions/A/AppContainer
0x000000000129f000 	/System/Library/PrivateFrameworks/SecCodeWrapper.framework/Versions/A/SecCodeWrapper
0x000000000129f000 	/System/Library/Frameworks/DirectoryService.framework/Versions/A/DirectoryService
0x000000000129f000 	/System/Library/PrivateFrameworks/LoginUIKit.framework/Versions/A/Frameworks/LoginUICore.framework/Versions/A/LoginUICore
0x000000000129f000 	/usr/lib/libodfde.dylib
0x0000000122bbe000 	/Library/Java/JavaVirtualMachines/jdk1.8.0_25.jdk/Contents/Home/jre/lib/libjavafx_font.dylib
0x000000000129f000 	/System/Library/Frameworks/CoreGraphics.framework/Versions/A/Resources/libCGXType.A.dylib
0x0000000120f75000 	cl_kernels
0x000000000129f000 	/System/Library/Frameworks/OpenCL.framework/Versions/A/Libraries/ImageFormats/unorm8_bgra.dylib
0x000000000129f000 	/System/Library/Frameworks/OpenCL.framework/Versions/A/Libraries/ImageFormats/unorm8_rgba.dylib
0x0000000123cd0000 	/Library/Java/JavaVirtualMachines/jdk1.8.0_25.jdk/Contents/Home/jre/lib/libprism_common.dylib
0x000000012bbac000 	/System/Library/Extensions/AppleIntelHD5000GraphicsMTLDriver.bundle/Contents/MacOS/AppleIntelHD5000GraphicsMTLDriver

VM Arguments:
jvm_args: -Didea.launcher.port=7542 -Didea.launcher.bin.path=/Applications/IntelliJ IDEA 14.app/Contents/bin -Dfile.encoding=UTF-8 
java_command: com.intellij.rt.execution.application.AppMain simulizer.Main
java_class_path (initial): /Library/Java/JavaVirtualMachines/jdk1.8.0_25.jdk/Contents/Home/lib/ant-javafx.jar:/Library/Java/JavaVirtualMachines/jdk1.8.0_25.jdk/Contents/Home/lib/dt.jar:/Library/Java/JavaVirtualMachines/jdk1.8.0_25.jdk/Contents/Home/lib/javafx-mx.jar:/Library/Java/JavaVirtualMachines/jdk1.8.0_25.jdk/Contents/Home/lib/jconsole.jar:/Library/Java/JavaVirtualMachines/jdk1.8.0_25.jdk/Contents/Home/lib/sa-jdi.jar:/Library/Java/JavaVirtualMachines/jdk1.8.0_25.jdk/Contents/Home/lib/tools.jar:/Library/Java/JavaVirtualMachines/jdk1.8.0_25.jdk/Contents/Home/jre/lib/charsets.jar:/Library/Java/JavaVirtualMachines/jdk1.8.0_25.jdk/Contents/Home/jre/lib/deploy.jar:/Library/Java/JavaVirtualMachines/jdk1.8.0_25.jdk/Contents/Home/jre/lib/javaws.jar:/Library/Java/JavaVirtualMachines/jdk1.8.0_25.jdk/Contents/Home/jre/lib/jce.jar:/Library/Java/JavaVirtualMachines/jdk1.8.0_25.jdk/Contents/Home/jre/lib/jfr.jar:/Library/Java/JavaVirtualMachines/jdk1.8.0_25.jdk/Contents/Home/jre/lib/jfxswt.jar:/Library/Java/JavaVirtualMachines/jdk1.8.0_25.jdk/Contents/Home/jre/lib/jsse.jar:/Library/Java/JavaVirtualMachines/jdk1.8.0_25.jdk/Contents/Home/jre/lib/management-agent.jar:/Library/Java/JavaVirtualMachines/jdk1.8.0_25.jdk/Contents/Home/jre/lib/plugin.jar:/Library/Java/JavaVirtualMachines/jdk1.8.0_25.jdk/Contents/Home/jre/lib/resources.jar:/Library/Java/JavaVirtualMachines/jdk1.8.0_25.jdk/Contents/Home/jre/lib/rt.jar:/Library/Java/JavaVirtualMachines/jdk1.8.0_25.jdk/Contents/Home/jre/lib/ext/cldrdata.jar:/Library/Java/JavaVirtualMachines/jdk1.8.0_25.jdk/Contents/Home/jre/lib/ext/dnsns.jar:/Library/Java/JavaVirtualMachines/jdk1.8.0_25.jdk/Contents/Home/jre/lib/ext/jfxrt.jar:/Library/Java/JavaVirtualMachines/jdk1.8.0_25.jdk/Contents/Home/jre/lib/ext/localedata.jar:/Library/Java/JavaVirtualMachines/jdk1.8.0_25.jdk/Contents/Home/jre/lib/ext/nashorn.jar:/Library/Java/JavaVirtualMachines/jdk1.8.0_25.jdk/Contents/Home/jre/lib/ext/sunec.jar:/Library/Java/JavaVirtualMachines/jdk1.8.0_25.jdk/C
Launcher Type: SUN_STANDARD

Environment Variables:
PATH=/usr/local/opt/coreutils/libexec/gnubin:/Users/theostyles/.composer/vendor/bin:/usr/local/bin/python3/:/Users/theostyles/lejos/bin:/Users/theostyles/.opam/4.01.0/bin:/usr/local/bin:/usr/bin:/bin:/usr/sbin:/sbin:/Users/theostyles/Play:/Users/theostyles/.rvm/bin
SHELL=/bin/zsh

Signal Handlers:
SIGSEGV: [libjvm.dylib+0x579dc7], sa_mask[0]=11111111011111110111111111111111, sa_flags=SA_ONSTACK|SA_RESTART|SA_SIGINFO
SIGBUS: [libjvm.dylib+0x579dc7], sa_mask[0]=11111111011111110111111111111111, sa_flags=SA_RESTART|SA_SIGINFO
SIGFPE: [libjvm.dylib+0x45b030], sa_mask[0]=11111111011111110111111111111111, sa_flags=SA_RESTART|SA_SIGINFO
SIGPIPE: [libjvm.dylib+0x45b030], sa_mask[0]=11111111011111110111111111111111, sa_flags=SA_RESTART|SA_SIGINFO
SIGXFSZ: [libjvm.dylib+0x45b030], sa_mask[0]=11111111011111110111111111111111, sa_flags=SA_RESTART|SA_SIGINFO
SIGILL: [libjvm.dylib+0x45b030], sa_mask[0]=11111111011111110111111111111111, sa_flags=SA_RESTART|SA_SIGINFO
SIGUSR1: SIG_DFL, sa_mask[0]=00000000000000000000000000000000, sa_flags=none
SIGUSR2: [libjvm.dylib+0x45ab4e], sa_mask[0]=00100000000000000000000000000000, sa_flags=SA_RESTART|SA_SIGINFO
SIGHUP: [libjvm.dylib+0x459121], sa_mask[0]=11111111011111110111111111111111, sa_flags=SA_RESTART|SA_SIGINFO
SIGINT: [libjvm.dylib+0x459121], sa_mask[0]=11111111011111110111111111111111, sa_flags=SA_RESTART|SA_SIGINFO
SIGTERM: [libjvm.dylib+0x459121], sa_mask[0]=11111111011111110111111111111111, sa_flags=SA_RESTART|SA_SIGINFO
SIGQUIT: [libjvm.dylib+0x459121], sa_mask[0]=11111111011111110111111111111111, sa_flags=SA_RESTART|SA_SIGINFO


---------------  S Y S T E M  ---------------

OS:Bsduname:Darwin 15.0.0 Darwin Kernel Version 15.0.0: Sat Sep 19 15:53:46 PDT 2015; root:xnu-3247.10.11~1/RELEASE_X86_64 x86_64
rlimit: STACK 8192k, CORE 0k, NPROC 709, NOFILE 10240, AS infinity
load average:4.51 3.77 3.12

CPU:total 4 (2 cores per cpu, 2 threads per core) family 6 model 69 stepping 1, cmov, cx8, fxsr, mmx, sse, sse2, sse3, ssse3, sse4.1, sse4.2, popcnt, avx, avx2, aes, clmul, erms, lzcnt, ht, tsc, tscinvbit, bmi1, bmi2

Memory: 4k page, physical 8388608k(144856k free)

/proc/meminfo:


vm_info: Java HotSpot(TM) 64-Bit Server VM (25.25-b02) for bsd-amd64 JRE (1.8.0_25-b17), built on Sep 17 2014 16:56:50 by "java_re" with gcc 4.2.1 (Based on Apple Inc. build 5658) (LLVM build 2336.11.00)

time: Wed Feb 17 19:35:21 2016
elapsed time: 155 seconds (0d 0h 2m 35s)

